[Licensing::Module] Trying to connect to existing licensing client channel...
Built from '6000.2/respin/6000.2.0f1-517f89d850d1' branch; Version is '6000.2.0f1 (eed1c594c913) revision 15651269'; Using compiler version '194234433'; Build Type 'Release'
[Licensing::IpcConnector] Successfully connected to: "LicenseClient-jovpr" at "2025-08-21T08:34:08.8149961Z"
OS: 'Windows 11  (10.0.26100) 64bit Core' Language: 'en' Physical Memory: 15596 MB
BatchMode: 1, IsHumanControllingUs: 0, StartBugReporterOnCrash: 0, Is64bit: 1
Date: 2025-08-21T08:34:08Z

COMMAND LINE ARGUMENTS:
C:\Program Files\Unity\Hub\Editor\6000.2.0f1\Editor\Unity.exe
-adb2
-batchMode
-noUpm
-name
AssetImportWorker4
-projectPath
C:/Users/jovpr/Downloads/WIU_y2s1/WIU-y1s2
-logFile
Logs/AssetImportWorker4.log
-srvPort
52396
-licensingIpc
LicenseClient-jovpr
-job-worker-count
7
-background-job-worker-count
8
-gc-helper-count
1
-name
AssetImport
Successfully changed project path to: C:/Users/jovpr/Downloads/WIU_y2s1/WIU-y1s2
C:/Users/jovpr/Downloads/WIU_y2s1/WIU-y1s2
[UnityMemory] Configuration Parameters - Can be set up in boot.config
    "memorysetup-allocator-temp-initial-block-size-main=262144"
    "memorysetup-allocator-temp-initial-block-size-worker=262144"
    "memorysetup-bucket-allocator-granularity=16"
    "memorysetup-bucket-allocator-bucket-count=8"
    "memorysetup-bucket-allocator-block-size=33554432"
    "memorysetup-bucket-allocator-block-count=8"
    "memorysetup-main-allocator-block-size=16777216"
    "memorysetup-thread-allocator-block-size=16777216"
    "memorysetup-gfx-main-allocator-block-size=16777216"
    "memorysetup-gfx-thread-allocator-block-size=16777216"
    "memorysetup-cache-allocator-block-size=4194304"
    "memorysetup-typetree-allocator-block-size=2097152"
    "memorysetup-profiler-bucket-allocator-granularity=16"
    "memorysetup-profiler-bucket-allocator-bucket-count=8"
    "memorysetup-profiler-bucket-allocator-block-size=33554432"
    "memorysetup-profiler-bucket-allocator-block-count=8"
    "memorysetup-profiler-allocator-block-size=16777216"
    "memorysetup-profiler-editor-allocator-block-size=1048576"
    "memorysetup-temp-allocator-size-main=16777216"
    "memorysetup-job-temp-allocator-block-size=2097152"
    "memorysetup-job-temp-allocator-block-size-background=1048576"
    "memorysetup-job-temp-allocator-reduction-small-platforms=262144"
    "memorysetup-temp-allocator-size-background-worker=32768"
    "memorysetup-temp-allocator-size-job-worker=262144"
    "memorysetup-temp-allocator-size-preload-manager=33554432"
    "memorysetup-temp-allocator-size-nav-mesh-worker=65536"
    "memorysetup-temp-allocator-size-audio-worker=65536"
    "memorysetup-temp-allocator-size-cloud-worker=32768"
    "memorysetup-temp-allocator-size-gi-baking-worker=262144"
    "memorysetup-temp-allocator-size-gi-baking-worker=262144"
    "memorysetup-temp-allocator-size-gi-baking-worker=262144"
    "memorysetup-temp-allocator-size-gi-baking-worker=262144"
    "memorysetup-temp-allocator-size-gi-baking-worker=262144"
    "memorysetup-temp-allocator-size-gfx=262144"
Player connection [51144]  Target information:

Player connection [51144]  * "[IP] 172.26.190.189 [Port] 0 [Flags] 2 [Guid] 2845722401 [EditorId] 2845722401 [Version] 1048832 [Id] WindowsEditor(7,blud) [Debug] 1 [PackageName] WindowsEditor [ProjectName] Editor" 

Player connection [51144] Host joined multi-casting on [225.0.0.222:54997]...
Player connection [51144] Host joined alternative multi-casting on [225.0.0.222:34997]...
JobSystem: Creating JobQueue using job-worker-count value 7
Input System module state changed to: Initialized.
[Physics::Module] Initialized fallback backend.
[Physics::Module] Id: 0xdecafbad
[Licensing::Client] Code 10 while verifying Licensing Client signature (process Id: 28924, path: "C:/Program Files/Unity Hub/UnityLicensingClient_V1/Unity.Licensing.Client.exe")
[Licensing::Module] LicensingClient has failed validation; ignoring
[Licensing::Client] Error: HandshakeResponse reported an error:
	ResponseCode: 505
	ResponseStatus: Unsupported protocol version '1.17.1'.
[Licensing::Module] Error: Failed to handshake to channel: "LicenseClient-jovpr"
[Licensing::IpcConnector] LicenseClient-jovpr channel disconnected successfully.
[Licensing::IpcConnector] Successfully connected to: "LicenseClient-jovpr-6000.2.0" at "2025-08-21T08:34:08.8680363Z"
[Licensing::Client] Code 10 while verifying Licensing Client signature (process Id: 30848, path: "C:/Program Files/Unity/Hub/Editor/6000.2.0f1/Editor/Data/Resources/Licensing/Client/Unity.Licensing.Client.exe")
[Licensing::Module] LicensingClient has failed validation; ignoring
[Licensing::Client] Handshaking with LicensingClient:
  Version:                 1.17.1+ae67fbc
  Session Id:              ccdce0ce25df4479a8d03a6599b2fa37
  Correlation Id:          cebcad4e7915b0ef3159b6d3a3bf5b09
  External correlation Id: 6007883577838305299
  Machine Id:              +W06MLZ5RBPafftnDHnVfEiL8yg=
[Licensing::Module] Successfully connected to LicensingClient on channel: "LicenseClient-jovpr-6000.2.0" (connect: 0.00s, validation: 0.00s, handshake: 0.02s)
[Licensing::IpcConnector] Successfully connected to: "LicenseClient-jovpr-6000.2.0-notifications" at "2025-08-21T08:34:08.8859639Z"
[Licensing::Module] Licensing Background thread has ended after 0.07s
Library Redirect Path: Library/
[Physics::Module] Selected backend.
[Physics::Module] Name: PhysX
[Physics::Module] Id: 0xf2b8ea05
[Physics::Module] SDK Version: 4.1.2
[Physics::Module] Integration Version: 1.0.0
[Physics::Module] Threading Mode: Multi-Threaded
Refreshing native plugins compatible for Editor in 13.13 ms, found 4 plugins.
Preloading 0 native plugins for Editor in 0.00 ms.
Initialize engine version: 6000.2.0f1 (eed1c594c913)
[Subsystems] Discovering subsystems at path C:/Program Files/Unity/Hub/Editor/6000.2.0f1/Editor/Data/Resources/UnitySubsystems
[Subsystems] Discovering subsystems at path C:/Users/jovpr/Downloads/WIU_y2s1/WIU-y1s2/Assets
GfxDevice: creating device client; kGfxThreadingModeNonThreaded
Direct3D:
    Version:  Direct3D 11.0 [level 11.1]
    Renderer: AMD Radeon RX 6800S (ID=0x73ef)
    Vendor:   ATI
    VRAM:     8146 MB
    Driver:   32.0.11029.1008
Initialize mono
Mono path[0] = 'C:/Program Files/Unity/Hub/Editor/6000.2.0f1/Editor/Data/Managed'
Mono path[1] = 'C:/Program Files/Unity/Hub/Editor/6000.2.0f1/Editor/Data/MonoBleedingEdge/lib/mono/unityjit-win32'
Mono config path = 'C:/Program Files/Unity/Hub/Editor/6000.2.0f1/Editor/Data/MonoBleedingEdge/etc'
Using monoOptions --debugger-agent=transport=dt_socket,embedding=1,server=y,suspend=n,address=127.0.0.1:56820
Begin MonoManager ReloadAssembly
Registering precompiled unity dll's ...
Register platform support module: C:/Program Files/Unity/Hub/Editor/6000.2.0f1/Editor/Data/PlaybackEngines/WindowsStandaloneSupport/UnityEditor.WindowsStandalone.Extensions.dll
Registered in 0.002762 seconds.
- Loaded All Assemblies, in  0.532 seconds
Native extension for WindowsStandalone target not found
Mono: successfully reloaded assembly
- Finished resetting the current domain, in  0.444 seconds
Domain Reload Profiling: 973ms
	BeginReloadAssembly (205ms)
		ExecutionOrderSort (0ms)
		DisableScriptedObjects (0ms)
		BackupInstance (0ms)
		ReleaseScriptingObjects (0ms)
		CreateAndSetChildDomain (1ms)
	RebuildCommonClasses (49ms)
	RebuildNativeTypeToScriptingClass (14ms)
	initialDomainReloadingComplete (62ms)
	LoadAllAssembliesAndSetupDomain (199ms)
		LoadAssemblies (199ms)
		RebuildTransferFunctionScriptingTraits (0ms)
		AnalyzeDomain (194ms)
			TypeCache.Refresh (192ms)
				TypeCache.ScanAssembly (175ms)
			BuildScriptInfoCaches (0ms)
			ResolveRequiredComponents (1ms)
	FinalizeReload (445ms)
		ReleaseScriptCaches (0ms)
		RebuildScriptCaches (0ms)
		SetupLoadedEditorAssemblies (388ms)
			LogAssemblyErrors (0ms)
			InitializePlatformSupportModulesInManaged (68ms)
			SetLoadedEditorAssemblies (5ms)
			BeforeProcessingInitializeOnLoad (83ms)
			ProcessInitializeOnLoadAttributes (161ms)
			ProcessInitializeOnLoadMethodAttributes (71ms)
			AfterProcessingInitializeOnLoad (0ms)
			EditorAssembliesLoaded (0ms)
		ExecutionOrderSort2 (0ms)
		AwakeInstancesAfterBackupRestoration (0ms)
========================================================================
Worker process is ready to serve import requests
Import Worker Mode flag is 0x00
Begin MonoManager ReloadAssembly
[Licensing::Client] Successfully resolved entitlement details
[Licensing::Module] License group:
  Id: 18968273127090-UnityPersXXXX
  Product: Unity Personal
  Type: Assigned
  Expiration: Unlimited
- Loaded All Assemblies, in  0.993 seconds
Refreshing native plugins compatible for Editor in 2.39 ms, found 4 plugins.
Native extension for WindowsStandalone target not found
Mono: successfully reloaded assembly
- Finished resetting the current domain, in  0.983 seconds
Domain Reload Profiling: 1969ms
	BeginReloadAssembly (212ms)
		ExecutionOrderSort (0ms)
		DisableScriptedObjects (7ms)
		BackupInstance (0ms)
		ReleaseScriptingObjects (0ms)
		CreateAndSetChildDomain (35ms)
	RebuildCommonClasses (44ms)
	RebuildNativeTypeToScriptingClass (14ms)
	initialDomainReloadingComplete (50ms)
	LoadAllAssembliesAndSetupDomain (666ms)
		LoadAssemblies (480ms)
		RebuildTransferFunctionScriptingTraits (0ms)
		AnalyzeDomain (303ms)
			TypeCache.Refresh (217ms)
				TypeCache.ScanAssembly (202ms)
			BuildScriptInfoCaches (67ms)
			ResolveRequiredComponents (13ms)
	FinalizeReload (984ms)
		ReleaseScriptCaches (0ms)
		RebuildScriptCaches (0ms)
		SetupLoadedEditorAssemblies (816ms)
			LogAssemblyErrors (0ms)
			InitializePlatformSupportModulesInManaged (2ms)
			SetLoadedEditorAssemblies (5ms)
			BeforeProcessingInitializeOnLoad (170ms)
			ProcessInitializeOnLoadAttributes (470ms)
			ProcessInitializeOnLoadMethodAttributes (162ms)
			AfterProcessingInitializeOnLoad (7ms)
			EditorAssembliesLoaded (0ms)
		ExecutionOrderSort2 (0ms)
		AwakeInstancesAfterBackupRestoration (7ms)
Launched and connected shader compiler UnityShaderCompiler.exe after 0.02 seconds
Refreshing native plugins compatible for Editor in 2.49 ms, found 4 plugins.
Preloading 0 native plugins for Editor in 0.00 ms.
Unloading 14 Unused Serialized files (Serialized files now loaded: 0)
Unloading 6765 unused Assets / (4.6 MB). Loaded Objects now: 7490.
Memory consumption went from 138.4 MB to 133.8 MB.
Total: 9.511700 ms (FindLiveObjects: 0.894800 ms CreateObjectMapping: 0.517000 ms MarkObjects: 5.573800 ms  DeleteObjects: 2.525300 ms)

========================================================================
Received Import Request.
  Time since last request: 199019.578069 seconds.
  path: Assets/Scripts/MonoBehaviour/Jovan/Map Objects Related
  artifactKey: Guid(5da4021d36dc6ff47b73b78a68a9537b) Importer(815301076,1909f56bfc062723c751e8b465ee728b)
Start importing Assets/Scripts/MonoBehaviour/Jovan/Map Objects Related using Guid(5da4021d36dc6ff47b73b78a68a9537b) Importer(815301076,1909f56bfc062723c751e8b465ee728b) (PreviewImporter) -> (artifact id: 'e3799d016ccedac1572468e951e14780') in 0.0077601 seconds
Number of updated asset objects reloaded before import = 0Number of asset objects unloaded after import = 0

========================================================================
Received Prepare
Refreshing native plugins compatible for Editor in 2.47 ms, found 4 plugins.
Preloading 0 native plugins for Editor in 0.00 ms.
Unloading 14 Unused Serialized files (Serialized files now loaded: 0)
Unloading 6753 unused Assets / (5.0 MB). Loaded Objects now: 7493.
Memory consumption went from 136.7 MB to 131.7 MB.
Total: 11.533200 ms (FindLiveObjects: 0.863800 ms CreateObjectMapping: 0.745500 ms MarkObjects: 6.693800 ms  DeleteObjects: 3.228700 ms)

Prepare: number of updated asset objects reloaded= 0
========================================================================
Received Import Request.
  Time since last request: 48.136359 seconds.
  path: Assets/Scripts/MonoBehaviour/Jovan/Map Objects Related/MovablePlatforms.cs
  artifactKey: Guid(8aa8a9aaa6fa62a40bb31951183a42a6) Importer(815301076,1909f56bfc062723c751e8b465ee728b)
Start importing Assets/Scripts/MonoBehaviour/Jovan/Map Objects Related/MovablePlatforms.cs using Guid(8aa8a9aaa6fa62a40bb31951183a42a6) Importer(815301076,1909f56bfc062723c751e8b465ee728b) (PreviewImporter) -> (artifact id: 'fd16267653d5c0338e3c5b8c4162085a') in 0.0010076 seconds
Number of updated asset objects reloaded before import = 0Number of asset objects unloaded after import = 0

========================================================================
Received Prepare
Begin MonoManager ReloadAssembly
[Licensing::Client] Successfully resolved entitlement details
- Loaded All Assemblies, in  0.955 seconds
Refreshing native plugins compatible for Editor in 2.74 ms, found 4 plugins.
Native extension for WindowsStandalone target not found
Mono: successfully reloaded assembly
- Finished resetting the current domain, in  1.024 seconds
Domain Reload Profiling: 1975ms
	BeginReloadAssembly (266ms)
		ExecutionOrderSort (0ms)
		DisableScriptedObjects (19ms)
		BackupInstance (0ms)
		ReleaseScriptingObjects (0ms)
		CreateAndSetChildDomain (66ms)
	RebuildCommonClasses (49ms)
	RebuildNativeTypeToScriptingClass (15ms)
	initialDomainReloadingComplete (37ms)
	LoadAllAssembliesAndSetupDomain (585ms)
		LoadAssemblies (453ms)
		RebuildTransferFunctionScriptingTraits (0ms)
		AnalyzeDomain (244ms)
			TypeCache.Refresh (10ms)
				TypeCache.ScanAssembly (1ms)
			BuildScriptInfoCaches (212ms)
			ResolveRequiredComponents (17ms)
	FinalizeReload (1024ms)
		ReleaseScriptCaches (0ms)
		RebuildScriptCaches (0ms)
		SetupLoadedEditorAssemblies (810ms)
			LogAssemblyErrors (0ms)
			InitializePlatformSupportModulesInManaged (3ms)
			SetLoadedEditorAssemblies (8ms)
			BeforeProcessingInitializeOnLoad (219ms)
			ProcessInitializeOnLoadAttributes (493ms)
			ProcessInitializeOnLoadMethodAttributes (79ms)
			AfterProcessingInitializeOnLoad (8ms)
			EditorAssembliesLoaded (0ms)
		ExecutionOrderSort2 (0ms)
		AwakeInstancesAfterBackupRestoration (23ms)
Refreshing native plugins compatible for Editor in 2.64 ms, found 4 plugins.
Preloading 0 native plugins for Editor in 0.00 ms.
Unloading 14 Unused Serialized files (Serialized files now loaded: 0)
Unloading 6764 unused Assets / (4.8 MB). Loaded Objects now: 7496.
Memory consumption went from 139.9 MB to 135.2 MB.
Total: 11.483900 ms (FindLiveObjects: 0.933800 ms CreateObjectMapping: 0.836700 ms MarkObjects: 6.613900 ms  DeleteObjects: 3.097500 ms)

Prepare: number of updated asset objects reloaded= 0
========================================================================
Received Import Request.
  Time since last request: 11.352476 seconds.
  path: Assets/Scripts/MonoBehaviour/Jovan/Map Objects Related/MovablePlatforms.cs
  artifactKey: Guid(8aa8a9aaa6fa62a40bb31951183a42a6) Importer(815301076,1909f56bfc062723c751e8b465ee728b)
Start importing Assets/Scripts/MonoBehaviour/Jovan/Map Objects Related/MovablePlatforms.cs using Guid(8aa8a9aaa6fa62a40bb31951183a42a6) Importer(815301076,1909f56bfc062723c751e8b465ee728b) (PreviewImporter) -> (artifact id: '5cbfd98d9e28f4a22a958891c87bf44e') in 0.0018845 seconds
Number of updated asset objects reloaded before import = 0Number of asset objects unloaded after import = 0

========================================================================
Received Prepare
Refreshing native plugins compatible for Editor in 3.27 ms, found 4 plugins.
Preloading 0 native plugins for Editor in 0.00 ms.
Unloading 14 Unused Serialized files (Serialized files now loaded: 0)
Unloading 6753 unused Assets / (4.9 MB). Loaded Objects now: 7496.
Memory consumption went from 140.1 MB to 135.2 MB.
Total: 15.700300 ms (FindLiveObjects: 1.267200 ms CreateObjectMapping: 0.961300 ms MarkObjects: 9.049700 ms  DeleteObjects: 4.419900 ms)

Prepare: number of updated asset objects reloaded= 0
========================================================================
Received Import Request.
  Time since last request: 90.639177 seconds.
  path: Assets/Scripts/MonoBehaviour/Jovan/Map Objects Related/MovablePlatforms.cs
  artifactKey: Guid(8aa8a9aaa6fa62a40bb31951183a42a6) Importer(815301076,1909f56bfc062723c751e8b465ee728b)
Start importing Assets/Scripts/MonoBehaviour/Jovan/Map Objects Related/MovablePlatforms.cs using Guid(8aa8a9aaa6fa62a40bb31951183a42a6) Importer(815301076,1909f56bfc062723c751e8b465ee728b) (PreviewImporter) -> (artifact id: '8c93fc470e1837f2832a002652ce7371') in 0.0008602 seconds
Number of updated asset objects reloaded before import = 0Number of asset objects unloaded after import = 0

========================================================================
Received Prepare
Refreshing native plugins compatible for Editor in 3.64 ms, found 4 plugins.
Preloading 0 native plugins for Editor in 0.00 ms.
Unloading 14 Unused Serialized files (Serialized files now loaded: 0)
Unloading 6753 unused Assets / (4.4 MB). Loaded Objects now: 7496.
Memory consumption went from 140.1 MB to 135.7 MB.
Total: 13.130200 ms (FindLiveObjects: 1.420000 ms CreateObjectMapping: 1.577800 ms MarkObjects: 6.471100 ms  DeleteObjects: 3.660000 ms)

Prepare: number of updated asset objects reloaded= 0
========================================================================
Received Import Request.
  Time since last request: 11.221455 seconds.
  path: Assets/Scripts/MonoBehaviour/Jovan/Map Objects Related/MovablePlatforms.cs
  artifactKey: Guid(8aa8a9aaa6fa62a40bb31951183a42a6) Importer(815301076,1909f56bfc062723c751e8b465ee728b)
Start importing Assets/Scripts/MonoBehaviour/Jovan/Map Objects Related/MovablePlatforms.cs using Guid(8aa8a9aaa6fa62a40bb31951183a42a6) Importer(815301076,1909f56bfc062723c751e8b465ee728b) (PreviewImporter) -> (artifact id: '979ea2587d2cf66ab399357ecf8c9d56') in 0.0008316 seconds
Number of updated asset objects reloaded before import = 0Number of asset objects unloaded after import = 0

========================================================================
Received Prepare
Refreshing native plugins compatible for Editor in 3.51 ms, found 4 plugins.
Preloading 0 native plugins for Editor in 0.00 ms.
Unloading 14 Unused Serialized files (Serialized files now loaded: 0)
Unloading 6753 unused Assets / (5.0 MB). Loaded Objects now: 7496.
Memory consumption went from 140.1 MB to 135.1 MB.
Total: 14.364500 ms (FindLiveObjects: 1.315000 ms CreateObjectMapping: 1.438000 ms MarkObjects: 7.511000 ms  DeleteObjects: 4.098900 ms)

Prepare: number of updated asset objects reloaded= 0
========================================================================
Received Import Request.
  Time since last request: 8.265178 seconds.
  path: Assets/Scripts/MonoBehaviour/Jovan/Map Objects Related/MovablePlatforms.cs
  artifactKey: Guid(8aa8a9aaa6fa62a40bb31951183a42a6) Importer(815301076,1909f56bfc062723c751e8b465ee728b)
Start importing Assets/Scripts/MonoBehaviour/Jovan/Map Objects Related/MovablePlatforms.cs using Guid(8aa8a9aaa6fa62a40bb31951183a42a6) Importer(815301076,1909f56bfc062723c751e8b465ee728b) (PreviewImporter) -> (artifact id: 'abd1c1e0dcbd869216e8c5cccdefde61') in 0.0008678 seconds
Number of updated asset objects reloaded before import = 0Number of asset objects unloaded after import = 0

========================================================================
Received Prepare
Refreshing native plugins compatible for Editor in 3.70 ms, found 4 plugins.
Preloading 0 native plugins for Editor in 0.00 ms.
Unloading 14 Unused Serialized files (Serialized files now loaded: 0)
Unloading 6753 unused Assets / (4.9 MB). Loaded Objects now: 7496.
Memory consumption went from 140.1 MB to 135.2 MB.
Total: 14.434500 ms (FindLiveObjects: 1.347200 ms CreateObjectMapping: 0.921000 ms MarkObjects: 7.589700 ms  DeleteObjects: 4.574900 ms)

Prepare: number of updated asset objects reloaded= 0
========================================================================
Received Import Request.
  Time since last request: 16.072903 seconds.
  path: Assets/Scripts/MonoBehaviour/Jovan/Map Objects Related/MovablePlatforms.cs
  artifactKey: Guid(8aa8a9aaa6fa62a40bb31951183a42a6) Importer(815301076,1909f56bfc062723c751e8b465ee728b)
Start importing Assets/Scripts/MonoBehaviour/Jovan/Map Objects Related/MovablePlatforms.cs using Guid(8aa8a9aaa6fa62a40bb31951183a42a6) Importer(815301076,1909f56bfc062723c751e8b465ee728b) (PreviewImporter) -> (artifact id: 'b94cfbd46783f465847f416d13da8850') in 0.0009631 seconds
Number of updated asset objects reloaded before import = 0Number of asset objects unloaded after import = 0

========================================================================
Received Prepare
Refreshing native plugins compatible for Editor in 3.74 ms, found 4 plugins.
Preloading 0 native plugins for Editor in 0.00 ms.
Unloading 14 Unused Serialized files (Serialized files now loaded: 0)
Unloading 6753 unused Assets / (5.3 MB). Loaded Objects now: 7496.
Memory consumption went from 140.1 MB to 134.8 MB.
Total: 16.154700 ms (FindLiveObjects: 1.253900 ms CreateObjectMapping: 1.631900 ms MarkObjects: 9.089100 ms  DeleteObjects: 4.177400 ms)

Prepare: number of updated asset objects reloaded= 0
========================================================================
Received Import Request.
  Time since last request: 59.954982 seconds.
  path: Assets/Scripts/MonoBehaviour/Jovan/Map Objects Related/MovablePlatforms.cs
  artifactKey: Guid(8aa8a9aaa6fa62a40bb31951183a42a6) Importer(815301076,1909f56bfc062723c751e8b465ee728b)
Start importing Assets/Scripts/MonoBehaviour/Jovan/Map Objects Related/MovablePlatforms.cs using Guid(8aa8a9aaa6fa62a40bb31951183a42a6) Importer(815301076,1909f56bfc062723c751e8b465ee728b) (PreviewImporter) -> (artifact id: 'eee99865efa69768fe11771a7ae0829c') in 0.0007555 seconds
Number of updated asset objects reloaded before import = 0Number of asset objects unloaded after import = 0

========================================================================
Received Prepare
Begin MonoManager ReloadAssembly
[Licensing::Client] Successfully resolved entitlement details
- Loaded All Assemblies, in  1.297 seconds
Refreshing native plugins compatible for Editor in 3.31 ms, found 4 plugins.
Native extension for WindowsStandalone target not found
Mono: successfully reloaded assembly
- Finished resetting the current domain, in  0.931 seconds
Domain Reload Profiling: 2224ms
	BeginReloadAssembly (413ms)
		ExecutionOrderSort (0ms)
		DisableScriptedObjects (44ms)
		BackupInstance (0ms)
		ReleaseScriptingObjects (0ms)
		CreateAndSetChildDomain (130ms)
	RebuildCommonClasses (44ms)
	RebuildNativeTypeToScriptingClass (15ms)
	initialDomainReloadingComplete (44ms)
	LoadAllAssembliesAndSetupDomain (778ms)
		LoadAssemblies (639ms)
		RebuildTransferFunctionScriptingTraits (0ms)
		AnalyzeDomain (289ms)
			TypeCache.Refresh (15ms)
				TypeCache.ScanAssembly (1ms)
			BuildScriptInfoCaches (248ms)
			ResolveRequiredComponents (18ms)
	FinalizeReload (931ms)
		ReleaseScriptCaches (0ms)
		RebuildScriptCaches (0ms)
		SetupLoadedEditorAssemblies (724ms)
			LogAssemblyErrors (0ms)
			InitializePlatformSupportModulesInManaged (2ms)
			SetLoadedEditorAssemblies (7ms)
			BeforeProcessingInitializeOnLoad (188ms)
			ProcessInitializeOnLoadAttributes (445ms)
			ProcessInitializeOnLoadMethodAttributes (72ms)
			AfterProcessingInitializeOnLoad (9ms)
			EditorAssembliesLoaded (0ms)
		ExecutionOrderSort2 (0ms)
		AwakeInstancesAfterBackupRestoration (18ms)
Refreshing native plugins compatible for Editor in 2.73 ms, found 4 plugins.
Preloading 0 native plugins for Editor in 0.00 ms.
Unloading 14 Unused Serialized files (Serialized files now loaded: 0)
Unloading 6764 unused Assets / (4.9 MB). Loaded Objects now: 7498.
Memory consumption went from 140.0 MB to 135.1 MB.
Total: 11.753700 ms (FindLiveObjects: 0.998200 ms CreateObjectMapping: 0.963400 ms MarkObjects: 6.298000 ms  DeleteObjects: 3.492200 ms)

Prepare: number of updated asset objects reloaded= 0
========================================================================
Received Prepare
Refreshing native plugins compatible for Editor in 3.43 ms, found 4 plugins.
Preloading 0 native plugins for Editor in 0.00 ms.
Unloading 14 Unused Serialized files (Serialized files now loaded: 0)
Unloading 6752 unused Assets / (5.4 MB). Loaded Objects now: 7497.
Memory consumption went from 140.1 MB to 134.7 MB.
Total: 13.396900 ms (FindLiveObjects: 0.909000 ms CreateObjectMapping: 0.898900 ms MarkObjects: 7.604400 ms  DeleteObjects: 3.982700 ms)

Prepare: number of updated asset objects reloaded= 0
========================================================================
Received Prepare
Begin MonoManager ReloadAssembly
- Loaded All Assemblies, in  1.175 seconds
Refreshing native plugins compatible for Editor in 2.85 ms, found 4 plugins.
Native extension for WindowsStandalone target not found
Mono: successfully reloaded assembly
- Finished resetting the current domain, in  1.135 seconds
Domain Reload Profiling: 2303ms
	BeginReloadAssembly (309ms)
		ExecutionOrderSort (0ms)
		DisableScriptedObjects (20ms)
		BackupInstance (0ms)
		ReleaseScriptingObjects (0ms)
		CreateAndSetChildDomain (73ms)
	RebuildCommonClasses (51ms)
	RebuildNativeTypeToScriptingClass (19ms)
	initialDomainReloadingComplete (44ms)
	LoadAllAssembliesAndSetupDomain (744ms)
		LoadAssemblies (562ms)
		RebuildTransferFunctionScriptingTraits (0ms)
		AnalyzeDomain (319ms)
			TypeCache.Refresh (15ms)
				TypeCache.ScanAssembly (1ms)
			BuildScriptInfoCaches (282ms)
			ResolveRequiredComponents (17ms)
	FinalizeReload (1136ms)
		ReleaseScriptCaches (0ms)
		RebuildScriptCaches (0ms)
		SetupLoadedEditorAssemblies (903ms)
			LogAssemblyErrors (0ms)
			InitializePlatformSupportModulesInManaged (2ms)
			SetLoadedEditorAssemblies (10ms)
			BeforeProcessingInitializeOnLoad (249ms)
			ProcessInitializeOnLoadAttributes (528ms)
			ProcessInitializeOnLoadMethodAttributes (98ms)
			AfterProcessingInitializeOnLoad (15ms)
			EditorAssembliesLoaded (1ms)
		ExecutionOrderSort2 (0ms)
		AwakeInstancesAfterBackupRestoration (24ms)
Refreshing native plugins compatible for Editor in 2.95 ms, found 4 plugins.
Preloading 0 native plugins for Editor in 0.00 ms.
Unloading 14 Unused Serialized files (Serialized files now loaded: 0)
Unloading 6763 unused Assets / (4.8 MB). Loaded Objects now: 7499.
Memory consumption went from 140.0 MB to 135.2 MB.
Total: 13.135000 ms (FindLiveObjects: 1.099600 ms CreateObjectMapping: 0.662500 ms MarkObjects: 7.029200 ms  DeleteObjects: 4.342400 ms)

Prepare: number of updated asset objects reloaded= 0
========================================================================
Received Import Request.
  Time since last request: 437.097171 seconds.
  path: Assets/Art/Inventory UI Art/2 Bars
  artifactKey: Guid(05af78f603860e145877a169c5bb94c1) Importer(815301076,1909f56bfc062723c751e8b465ee728b)
Start importing Assets/Art/Inventory UI Art/2 Bars using Guid(05af78f603860e145877a169c5bb94c1) Importer(815301076,1909f56bfc062723c751e8b465ee728b) (PreviewImporter) -> (artifact id: '657f46974e944ccaa53f1e768511c089') in 0.0019753 seconds
Number of updated asset objects reloaded before import = 0Number of asset objects unloaded after import = 0

========================================================================
Received Import Request.
  Time since last request: 0.000023 seconds.
  path: Assets/Art/Inventory UI Art/2 Bars/Button1.png
  artifactKey: Guid(b00ccac39cf528f46b073acb1647b8b7) Importer(815301076,1909f56bfc062723c751e8b465ee728b)
Start importing Assets/Art/Inventory UI Art/2 Bars/Button1.png using Guid(b00ccac39cf528f46b073acb1647b8b7) Importer(815301076,1909f56bfc062723c751e8b465ee728b) (PreviewImporter) -> (artifact id: 'd484aba7ea256c97cf29535c399b8483') in 0.1655008 seconds
Number of updated asset objects reloaded before import = 0Number of asset objects unloaded after import = 3

========================================================================
Received Import Request.
  Time since last request: 0.000077 seconds.
  path: Assets/Art/Inventory UI Art/2 Bars/Button3.png
  artifactKey: Guid(d0469aa691eecf74ab3f3b4445fff013) Importer(815301076,1909f56bfc062723c751e8b465ee728b)
Start importing Assets/Art/Inventory UI Art/2 Bars/Button3.png using Guid(d0469aa691eecf74ab3f3b4445fff013) Importer(815301076,1909f56bfc062723c751e8b465ee728b) (PreviewImporter) -> (artifact id: '514e8ebb6cfc8b4976bc56dd6ef254f1') in 0.0278818 seconds
Number of updated asset objects reloaded before import = 0Number of asset objects unloaded after import = 3

========================================================================
Received Import Request.
  Time since last request: 0.000021 seconds.
  path: Assets/Art/Inventory UI Art/2 Bars/Scrolling_line.png
  artifactKey: Guid(8af6e698f04c6874fadca4cb083f78a4) Importer(815301076,1909f56bfc062723c751e8b465ee728b)
Start importing Assets/Art/Inventory UI Art/2 Bars/Scrolling_line.png using Guid(8af6e698f04c6874fadca4cb083f78a4) Importer(815301076,1909f56bfc062723c751e8b465ee728b) (PreviewImporter) -> (artifact id: '01e6f740fd2857c19c6c39bf151f7225') in 0.0234276 seconds
Number of updated asset objects reloaded before import = 0Number of asset objects unloaded after import = 3

========================================================================
Received Import Request.
  Time since last request: 0.000039 seconds.
  path: Assets/Art/Inventory UI Art/2 Bars/Loading_bar1.png
  artifactKey: Guid(d7fac9be42931c547ae30e85cd0604ba) Importer(815301076,1909f56bfc062723c751e8b465ee728b)
Start importing Assets/Art/Inventory UI Art/2 Bars/Loading_bar1.png using Guid(d7fac9be42931c547ae30e85cd0604ba) Importer(815301076,1909f56bfc062723c751e8b465ee728b) (PreviewImporter) -> (artifact id: 'ca93e457af3f8f5b1be42ae93654f8d6') in 0.0261977 seconds
Number of updated asset objects reloaded before import = 0Number of asset objects unloaded after import = 3

========================================================================
Received Import Request.
  Time since last request: 17.873926 seconds.
  path: Assets/Art/Inventory UI Art/PSD
  artifactKey: Guid(c8f5c340670514440a0bbb7d3e07d79a) Importer(815301076,1909f56bfc062723c751e8b465ee728b)
Start importing Assets/Art/Inventory UI Art/PSD using Guid(c8f5c340670514440a0bbb7d3e07d79a) Importer(815301076,1909f56bfc062723c751e8b465ee728b) (PreviewImporter) -> (artifact id: 'd5f1e6e2ca03365540de0044e2d29740') in 0.001025 seconds
Number of updated asset objects reloaded before import = 0Number of asset objects unloaded after import = 0

========================================================================
Received Import Request.
  Time since last request: 6.036757 seconds.
  path: Assets/Art/Inventory UI Art/PSD/Frames.psd
  artifactKey: Guid(6d43a0d5ac775814981c996b838aa743) Importer(815301076,1909f56bfc062723c751e8b465ee728b)
Start importing Assets/Art/Inventory UI Art/PSD/Frames.psd using Guid(6d43a0d5ac775814981c996b838aa743) Importer(815301076,1909f56bfc062723c751e8b465ee728b) (PreviewImporter) -> (artifact id: '7a3cb04d243425fa80fab9804e720268') in 0.0273729 seconds
Number of updated asset objects reloaded before import = 0Number of asset objects unloaded after import = 3

========================================================================
Received Import Request.
  Time since last request: 5.424537 seconds.
  path: Assets/Art/Inventory UI Art/3 Icons/Icons yellow/Icon_01.png
  artifactKey: Guid(c9623e3043536104b803e36b4b0b3208) Importer(815301076,1909f56bfc062723c751e8b465ee728b)
Start importing Assets/Art/Inventory UI Art/3 Icons/Icons yellow/Icon_01.png using Guid(c9623e3043536104b803e36b4b0b3208) Importer(815301076,1909f56bfc062723c751e8b465ee728b) (PreviewImporter) -> (artifact id: 'd04215d42a32cf52d34162475a3822ea') in 0.0247897 seconds
Number of updated asset objects reloaded before import = 0Number of asset objects unloaded after import = 3

========================================================================
Received Import Request.
  Time since last request: 0.000026 seconds.
  path: Assets/Art/Inventory UI Art/3 Icons/Icons yellow/Icon_05.png
  artifactKey: Guid(4ca6869b3ce560f46b5e4a6a66fb817e) Importer(815301076,1909f56bfc062723c751e8b465ee728b)
Start importing Assets/Art/Inventory UI Art/3 Icons/Icons yellow/Icon_05.png using Guid(4ca6869b3ce560f46b5e4a6a66fb817e) Importer(815301076,1909f56bfc062723c751e8b465ee728b) (PreviewImporter) -> (artifact id: 'ccd5cd3db9fd0edaf2eaf96beed2e171') in 0.0221108 seconds
Number of updated asset objects reloaded before import = 0Number of asset objects unloaded after import = 3

========================================================================
Received Import Request.
  Time since last request: 0.000024 seconds.
  path: Assets/Art/Inventory UI Art/3 Icons/Icons yellow/Icon_12.png
  artifactKey: Guid(c47e0bcd136e8da43bdfa92dcb78acbe) Importer(815301076,1909f56bfc062723c751e8b465ee728b)
Start importing Assets/Art/Inventory UI Art/3 Icons/Icons yellow/Icon_12.png using Guid(c47e0bcd136e8da43bdfa92dcb78acbe) Importer(815301076,1909f56bfc062723c751e8b465ee728b) (PreviewImporter) -> (artifact id: '4067b313cac26df812bb765cbea640f2') in 0.0198511 seconds
Number of updated asset objects reloaded before import = 0Number of asset objects unloaded after import = 3

========================================================================
Received Import Request.
  Time since last request: 0.000038 seconds.
  path: Assets/Art/Inventory UI Art/3 Icons/Icons yellow/Icon_24.png
  artifactKey: Guid(69f070e9097560346b9d438df255ed07) Importer(815301076,1909f56bfc062723c751e8b465ee728b)
Start importing Assets/Art/Inventory UI Art/3 Icons/Icons yellow/Icon_24.png using Guid(69f070e9097560346b9d438df255ed07) Importer(815301076,1909f56bfc062723c751e8b465ee728b) (PreviewImporter) -> (artifact id: '4e41380dfaa653b187f01ee109f0911d') in 0.0192653 seconds
Number of updated asset objects reloaded before import = 0Number of asset objects unloaded after import = 3

========================================================================
Received Import Request.
  Time since last request: 0.000021 seconds.
  path: Assets/Art/Inventory UI Art/3 Icons/Icons yellow/Icon_42.png
  artifactKey: Guid(0289be96c373d9d419abe08c960e11de) Importer(815301076,1909f56bfc062723c751e8b465ee728b)
Start importing Assets/Art/Inventory UI Art/3 Icons/Icons yellow/Icon_42.png using Guid(0289be96c373d9d419abe08c960e11de) Importer(815301076,1909f56bfc062723c751e8b465ee728b) (PreviewImporter) -> (artifact id: '384f582ef5b91e0417ee7b30a108bfee') in 0.0222165 seconds
Number of updated asset objects reloaded before import = 0Number of asset objects unloaded after import = 3

========================================================================
Received Import Request.
  Time since last request: 0.000033 seconds.
  path: Assets/Art/Inventory UI Art/3 Icons/Icons yellow/Icon_48.png
  artifactKey: Guid(33993532678ed7446abeb544704f116f) Importer(815301076,1909f56bfc062723c751e8b465ee728b)
Start importing Assets/Art/Inventory UI Art/3 Icons/Icons yellow/Icon_48.png using Guid(33993532678ed7446abeb544704f116f) Importer(815301076,1909f56bfc062723c751e8b465ee728b) (PreviewImporter) -> (artifact id: '04836d577faedebcbd1b57e7370fcee9') in 0.0233039 seconds
Number of updated asset objects reloaded before import = 0Number of asset objects unloaded after import = 3

========================================================================
Received Import Request.
  Time since last request: 0.000025 seconds.
  path: Assets/Art/Inventory UI Art/3 Icons/Icons yellow/Icon_10.png
  artifactKey: Guid(1318559d8e0c560468dc23e53183278b) Importer(815301076,1909f56bfc062723c751e8b465ee728b)
Start importing Assets/Art/Inventory UI Art/3 Icons/Icons yellow/Icon_10.png using Guid(1318559d8e0c560468dc23e53183278b) Importer(815301076,1909f56bfc062723c751e8b465ee728b) (PreviewImporter) -> (artifact id: '037fa3424e330f0eb033bd38b5f30e76') in 0.0233991 seconds
Number of updated asset objects reloaded before import = 0Number of asset objects unloaded after import = 3

========================================================================
Received Import Request.
  Time since last request: 0.000039 seconds.
  path: Assets/Art/Inventory UI Art/3 Icons/Icons yellow/Icon_45.png
  artifactKey: Guid(58639069da84225478d89374fc20df93) Importer(815301076,1909f56bfc062723c751e8b465ee728b)
Start importing Assets/Art/Inventory UI Art/3 Icons/Icons yellow/Icon_45.png using Guid(58639069da84225478d89374fc20df93) Importer(815301076,1909f56bfc062723c751e8b465ee728b) (PreviewImporter) -> (artifact id: 'e9f7a96cf014576a33f7818a19c3f333') in 0.0215997 seconds
Number of updated asset objects reloaded before import = 0Number of asset objects unloaded after import = 3

========================================================================
Received Import Request.
  Time since last request: 0.000028 seconds.
  path: Assets/Art/Inventory UI Art/3 Icons/Icons yellow/Icon_21.png
  artifactKey: Guid(bad6e30cbdc953a488eb56f55070ae91) Importer(815301076,1909f56bfc062723c751e8b465ee728b)
Start importing Assets/Art/Inventory UI Art/3 Icons/Icons yellow/Icon_21.png using Guid(bad6e30cbdc953a488eb56f55070ae91) Importer(815301076,1909f56bfc062723c751e8b465ee728b) (PreviewImporter) -> (artifact id: '4afcfb3e384e6167c34d15bc64883c89') in 0.0253103 seconds
Number of updated asset objects reloaded before import = 0Number of asset objects unloaded after import = 3

========================================================================
Received Import Request.
  Time since last request: 0.000022 seconds.
  path: Assets/Art/Inventory UI Art/3 Icons/Icons yellow/Icon_37.png
  artifactKey: Guid(9ca48e9070cae994bb55b07a5cda8c88) Importer(815301076,1909f56bfc062723c751e8b465ee728b)
Start importing Assets/Art/Inventory UI Art/3 Icons/Icons yellow/Icon_37.png using Guid(9ca48e9070cae994bb55b07a5cda8c88) Importer(815301076,1909f56bfc062723c751e8b465ee728b) (PreviewImporter) -> (artifact id: '83624104cd6ed77f680abeb24c3813df') in 0.0214449 seconds
Number of updated asset objects reloaded before import = 0Number of asset objects unloaded after import = 3

========================================================================
Received Import Request.
  Time since last request: 0.000026 seconds.
  path: Assets/Art/Inventory UI Art/3 Icons/Icons yellow/Icon_34.png
  artifactKey: Guid(3e1a6e2d863d1b14eb635e97b143a230) Importer(815301076,1909f56bfc062723c751e8b465ee728b)
Start importing Assets/Art/Inventory UI Art/3 Icons/Icons yellow/Icon_34.png using Guid(3e1a6e2d863d1b14eb635e97b143a230) Importer(815301076,1909f56bfc062723c751e8b465ee728b) (PreviewImporter) -> (artifact id: 'a386613c157843443295c6633033c19e') in 0.0234298 seconds
Number of updated asset objects reloaded before import = 0Number of asset objects unloaded after import = 3

========================================================================
Received Import Request.
  Time since last request: 0.000041 seconds.
  path: Assets/Art/Inventory UI Art/3 Icons/Icons yellow/Icon_35.png
  artifactKey: Guid(f522d40fba0c01846a7c0192feead94f) Importer(815301076,1909f56bfc062723c751e8b465ee728b)
Start importing Assets/Art/Inventory UI Art/3 Icons/Icons yellow/Icon_35.png using Guid(f522d40fba0c01846a7c0192feead94f) Importer(815301076,1909f56bfc062723c751e8b465ee728b) (PreviewImporter) -> (artifact id: '9d28977d373b0d4cc0ae57a43d6842a1') in 0.0307109 seconds
Number of updated asset objects reloaded before import = 0Number of asset objects unloaded after import = 4

========================================================================
Received Import Request.
  Time since last request: 0.000029 seconds.
  path: Assets/Art/Inventory UI Art/3 Icons/Icons yellow/Icon_23.png
  artifactKey: Guid(29a3828d173565e4c87ea9a73d2c7527) Importer(815301076,1909f56bfc062723c751e8b465ee728b)
Start importing Assets/Art/Inventory UI Art/3 Icons/Icons yellow/Icon_23.png using Guid(29a3828d173565e4c87ea9a73d2c7527) Importer(815301076,1909f56bfc062723c751e8b465ee728b) (PreviewImporter) -> (artifact id: '612c28370adbfa68c34a4f2b0fac77ed') in 0.0279896 seconds
Number of updated asset objects reloaded before import = 0Number of asset objects unloaded after import = 3

========================================================================
Received Import Request.
  Time since last request: 3.533722 seconds.
  path: Assets/Art/Inventory UI Art/4 Palette/palette.png
  artifactKey: Guid(6800b9a0b0744cd449004da201ad3cc4) Importer(815301076,1909f56bfc062723c751e8b465ee728b)
Start importing Assets/Art/Inventory UI Art/4 Palette/palette.png using Guid(6800b9a0b0744cd449004da201ad3cc4) Importer(815301076,1909f56bfc062723c751e8b465ee728b) (PreviewImporter) -> (artifact id: 'a80f3f179656a2ea554301c9c8c36efc') in 0.0216466 seconds
Number of updated asset objects reloaded before import = 0Number of asset objects unloaded after import = 3

========================================================================
Received Import Request.
  Time since last request: 6.515843 seconds.
  path: Assets/Art/Inventory UI Art/1 Frames/Back1.png
  artifactKey: Guid(dafdba72084327647ab38244cdef2088) Importer(815301076,1909f56bfc062723c751e8b465ee728b)
Start importing Assets/Art/Inventory UI Art/1 Frames/Back1.png using Guid(dafdba72084327647ab38244cdef2088) Importer(815301076,1909f56bfc062723c751e8b465ee728b) (PreviewImporter) -> (artifact id: 'ba45ca8321416caaf6daa8315a40cc02') in 0.0222875 seconds
Number of updated asset objects reloaded before import = 0Number of asset objects unloaded after import = 3

========================================================================
Received Import Request.
  Time since last request: 0.000025 seconds.
  path: Assets/Art/Inventory UI Art/1 Frames/Back5.png
  artifactKey: Guid(809f71e2a3f2f254d83d10eaf4e61194) Importer(815301076,1909f56bfc062723c751e8b465ee728b)
Start importing Assets/Art/Inventory UI Art/1 Frames/Back5.png using Guid(809f71e2a3f2f254d83d10eaf4e61194) Importer(815301076,1909f56bfc062723c751e8b465ee728b) (PreviewImporter) -> (artifact id: '10d4999aa54ffdea203970d8d942e9dc') in 0.0239626 seconds
Number of updated asset objects reloaded before import = 0Number of asset objects unloaded after import = 3

========================================================================
Received Import Request.
  Time since last request: 0.504723 seconds.
  path: Assets/Art/Inventory UI Art/5 Logo/Logo.png
  artifactKey: Guid(48e73e4b07ff3a94bb064efc717aa737) Importer(815301076,1909f56bfc062723c751e8b465ee728b)
Start importing Assets/Art/Inventory UI Art/5 Logo/Logo.png using Guid(48e73e4b07ff3a94bb064efc717aa737) Importer(815301076,1909f56bfc062723c751e8b465ee728b) (PreviewImporter) -> (artifact id: '83c243ee704455e941cd496bd94c4a8b') in 0.0244692 seconds
Number of updated asset objects reloaded before import = 0Number of asset objects unloaded after import = 3

========================================================================
Received Import Request.
  Time since last request: 10.109887 seconds.
  path: Assets/Art/Inventory UI Art/1 Frames/Frame_tiles
  artifactKey: Guid(51866f25c5d32e84dabe68e82dc30775) Importer(815301076,1909f56bfc062723c751e8b465ee728b)
Start importing Assets/Art/Inventory UI Art/1 Frames/Frame_tiles using Guid(51866f25c5d32e84dabe68e82dc30775) Importer(815301076,1909f56bfc062723c751e8b465ee728b) (PreviewImporter) -> (artifact id: '470e1cae27cf5b01944463033f5b0584') in 0.0006545 seconds
Number of updated asset objects reloaded before import = 0Number of asset objects unloaded after import = 0

========================================================================
Received Import Request.
  Time since last request: 0.006834 seconds.
  path: Assets/Art/Inventory UI Art/1 Frames/Frame_tiles/Frame_Tile_01.png
  artifactKey: Guid(a34049fe28027fe4ba6b676d4204ebfa) Importer(815301076,1909f56bfc062723c751e8b465ee728b)
Start importing Assets/Art/Inventory UI Art/1 Frames/Frame_tiles/Frame_Tile_01.png using Guid(a34049fe28027fe4ba6b676d4204ebfa) Importer(815301076,1909f56bfc062723c751e8b465ee728b) (PreviewImporter) -> (artifact id: 'b9abc039397507948bf8e1ff1dfa42ef') in 0.0227703 seconds
Number of updated asset objects reloaded before import = 0Number of asset objects unloaded after import = 3

========================================================================
Received Import Request.
  Time since last request: 0.000022 seconds.
  path: Assets/Art/Inventory UI Art/1 Frames/Frame_tiles/Frame_Tile_06.png
  artifactKey: Guid(06aed5a6d99aec84fa843db509cbebef) Importer(815301076,1909f56bfc062723c751e8b465ee728b)
Start importing Assets/Art/Inventory UI Art/1 Frames/Frame_tiles/Frame_Tile_06.png using Guid(06aed5a6d99aec84fa843db509cbebef) Importer(815301076,1909f56bfc062723c751e8b465ee728b) (PreviewImporter) -> (artifact id: 'df0496d662adb9e96681f7274cd3696b') in 0.0201588 seconds
Number of updated asset objects reloaded before import = 0Number of asset objects unloaded after import = 3

========================================================================
Received Import Request.
  Time since last request: 0.000022 seconds.
  path: Assets/Art/Inventory UI Art/1 Frames/Frame_tiles/Frame_Tile_15.png
  artifactKey: Guid(35839bc3a70c17f459ebab220147b077) Importer(815301076,1909f56bfc062723c751e8b465ee728b)
Start importing Assets/Art/Inventory UI Art/1 Frames/Frame_tiles/Frame_Tile_15.png using Guid(35839bc3a70c17f459ebab220147b077) Importer(815301076,1909f56bfc062723c751e8b465ee728b) (PreviewImporter) -> (artifact id: '0906e6a40a1f4b6ed707087bf8885e7f') in 0.0204292 seconds
Number of updated asset objects reloaded before import = 0Number of asset objects unloaded after import = 3

========================================================================
Received Import Request.
  Time since last request: 0.000037 seconds.
  path: Assets/Art/Inventory UI Art/1 Frames/Frame_tiles/Frame_Tile_32.png
  artifactKey: Guid(ad0b3561294541e459d6ed5b91b17443) Importer(815301076,1909f56bfc062723c751e8b465ee728b)
Start importing Assets/Art/Inventory UI Art/1 Frames/Frame_tiles/Frame_Tile_32.png using Guid(ad0b3561294541e459d6ed5b91b17443) Importer(815301076,1909f56bfc062723c751e8b465ee728b) (PreviewImporter) -> (artifact id: 'c159f91a60c41570d2fd89124f192345') in 0.0216593 seconds
Number of updated asset objects reloaded before import = 0Number of asset objects unloaded after import = 3

========================================================================
Received Import Request.
  Time since last request: 0.000020 seconds.
  path: Assets/Art/Inventory UI Art/1 Frames/Frame_tiles/Frame_Tile_37.png
  artifactKey: Guid(4a8f13d4b2a5bc64cb7591700ceaa05a) Importer(815301076,1909f56bfc062723c751e8b465ee728b)
Start importing Assets/Art/Inventory UI Art/1 Frames/Frame_tiles/Frame_Tile_37.png using Guid(4a8f13d4b2a5bc64cb7591700ceaa05a) Importer(815301076,1909f56bfc062723c751e8b465ee728b) (PreviewImporter) -> (artifact id: 'e68c8bd4aefdc25ce2857d415db67477') in 0.0198119 seconds
Number of updated asset objects reloaded before import = 0Number of asset objects unloaded after import = 3

========================================================================
Received Import Request.
  Time since last request: 0.000020 seconds.
  path: Assets/Art/Inventory UI Art/1 Frames/Frame_tiles/Frame_Tile_21.png
  artifactKey: Guid(f3e21acec66060e488eaa8a9bf023fbb) Importer(815301076,1909f56bfc062723c751e8b465ee728b)
Start importing Assets/Art/Inventory UI Art/1 Frames/Frame_tiles/Frame_Tile_21.png using Guid(f3e21acec66060e488eaa8a9bf023fbb) Importer(815301076,1909f56bfc062723c751e8b465ee728b) (PreviewImporter) -> (artifact id: 'd01be10711906c86195b3f2b302c46f1') in 0.0221471 seconds
Number of updated asset objects reloaded before import = 0Number of asset objects unloaded after import = 3

========================================================================
Received Import Request.
  Time since last request: 0.000022 seconds.
  path: Assets/Art/Inventory UI Art/1 Frames/Frame_tiles/Frame_Tile_40.png
  artifactKey: Guid(a9c081a9b04fdd94596a2c71601559d5) Importer(815301076,1909f56bfc062723c751e8b465ee728b)
Start importing Assets/Art/Inventory UI Art/1 Frames/Frame_tiles/Frame_Tile_40.png using Guid(a9c081a9b04fdd94596a2c71601559d5) Importer(815301076,1909f56bfc062723c751e8b465ee728b) (PreviewImporter) -> (artifact id: 'ec40381094048a5bb591b2ab653a9bf0') in 0.0208262 seconds
Number of updated asset objects reloaded before import = 0Number of asset objects unloaded after import = 3

========================================================================
Received Import Request.
  Time since last request: 0.000039 seconds.
  path: Assets/Art/Inventory UI Art/1 Frames/Frame_tiles/Frame_Tile_38.png
  artifactKey: Guid(bfbdc3742eaea174ea2b678784522358) Importer(815301076,1909f56bfc062723c751e8b465ee728b)
Start importing Assets/Art/Inventory UI Art/1 Frames/Frame_tiles/Frame_Tile_38.png using Guid(bfbdc3742eaea174ea2b678784522358) Importer(815301076,1909f56bfc062723c751e8b465ee728b) (PreviewImporter) -> (artifact id: 'db8e50d3b5057b5daa2180ba18418963') in 0.0184138 seconds
Number of updated asset objects reloaded before import = 0Number of asset objects unloaded after import = 3

========================================================================
Received Import Request.
  Time since last request: 0.000021 seconds.
  path: Assets/Art/Inventory UI Art/1 Frames/Frame_tiles/Frame_Tile_30.png
  artifactKey: Guid(9cfede7d1e2fc9643972eb6e90f276c3) Importer(815301076,1909f56bfc062723c751e8b465ee728b)
Start importing Assets/Art/Inventory UI Art/1 Frames/Frame_tiles/Frame_Tile_30.png using Guid(9cfede7d1e2fc9643972eb6e90f276c3) Importer(815301076,1909f56bfc062723c751e8b465ee728b) (PreviewImporter) -> (artifact id: '6564c0708cca7616bdbd322c17a86824') in 0.0225072 seconds
Number of updated asset objects reloaded before import = 0Number of asset objects unloaded after import = 3

========================================================================
Received Import Request.
  Time since last request: 0.000020 seconds.
  path: Assets/Art/Inventory UI Art/1 Frames/Frame_tiles/Frame_Tile_34.png
  artifactKey: Guid(7d5fe2719ca4d7b419001552c1d967cc) Importer(815301076,1909f56bfc062723c751e8b465ee728b)
Start importing Assets/Art/Inventory UI Art/1 Frames/Frame_tiles/Frame_Tile_34.png using Guid(7d5fe2719ca4d7b419001552c1d967cc) Importer(815301076,1909f56bfc062723c751e8b465ee728b) (PreviewImporter) -> (artifact id: '4875a5e665a62e7dd59f0241b0a06fb4') in 0.0190536 seconds
Number of updated asset objects reloaded before import = 0Number of asset objects unloaded after import = 3

========================================================================
Received Import Request.
  Time since last request: 0.000023 seconds.
  path: Assets/Art/Inventory UI Art/1 Frames/Frame_tiles/Frame_Tile_31.png
  artifactKey: Guid(de5c43c05bd879c43b3179edd33bf8b8) Importer(815301076,1909f56bfc062723c751e8b465ee728b)
Start importing Assets/Art/Inventory UI Art/1 Frames/Frame_tiles/Frame_Tile_31.png using Guid(de5c43c05bd879c43b3179edd33bf8b8) Importer(815301076,1909f56bfc062723c751e8b465ee728b) (PreviewImporter) -> (artifact id: '62024d1486bce7b2bb3aac04a7fd31d0') in 0.0223495 seconds
Number of updated asset objects reloaded before import = 0Number of asset objects unloaded after import = 3

========================================================================
Received Import Request.
  Time since last request: 0.000033 seconds.
  path: Assets/Art/Inventory UI Art/1 Frames/Frame_tiles/Frame_Tile_44.png
  artifactKey: Guid(1bb6dfca9f43a02439de3286a3e382c8) Importer(815301076,1909f56bfc062723c751e8b465ee728b)
Start importing Assets/Art/Inventory UI Art/1 Frames/Frame_tiles/Frame_Tile_44.png using Guid(1bb6dfca9f43a02439de3286a3e382c8) Importer(815301076,1909f56bfc062723c751e8b465ee728b) (PreviewImporter) -> (artifact id: '215fd27f695eca88961fd986c95226e3') in 0.0220779 seconds
Number of updated asset objects reloaded before import = 0Number of asset objects unloaded after import = 3

========================================================================
Received Import Request.
  Time since last request: 7.862795 seconds.
  path: Assets/Settings/Lit2DSceneTemplate.scenetemplate
  artifactKey: Guid(d03ed43fc9d8a4f2e9fa70c1c7916eb9) Importer(815301076,1909f56bfc062723c751e8b465ee728b)
Start importing Assets/Settings/Lit2DSceneTemplate.scenetemplate using Guid(d03ed43fc9d8a4f2e9fa70c1c7916eb9) Importer(815301076,1909f56bfc062723c751e8b465ee728b) (PreviewImporter) -> (artifact id: '9d12448ccff42df4dc63a79fdedbc281') in 0.0643105 seconds
Number of updated asset objects reloaded before import = 0Number of asset objects unloaded after import = 5

========================================================================
Received Import Request.
  Time since last request: 16.532013 seconds.
  path: Assets/Physics
  artifactKey: Guid(9b45e67f3f41ade47b55084d48f56ea9) Importer(815301076,1909f56bfc062723c751e8b465ee728b)
Start importing Assets/Physics using Guid(9b45e67f3f41ade47b55084d48f56ea9) Importer(815301076,1909f56bfc062723c751e8b465ee728b) (PreviewImporter) -> (artifact id: '0f074704282e9dcd728436707f5c9cef') in 0.0007309 seconds
Number of updated asset objects reloaded before import = 0Number of asset objects unloaded after import = 0

========================================================================
Received Import Request.
  Time since last request: 8.776697 seconds.
  path: Assets
  artifactKey: Guid(00000000000000001000000000000000) Importer(815301076,1909f56bfc062723c751e8b465ee728b)
Start importing Assets using Guid(00000000000000001000000000000000) Importer(815301076,1909f56bfc062723c751e8b465ee728b) (PreviewImporter) -> (artifact id: 'c391582d739b6e62a5220f35cbb167ac') in 0.0005857 seconds
Number of updated asset objects reloaded before import = 0Number of asset objects unloaded after import = 0

========================================================================
Received Import Request.
  Time since last request: 8.680415 seconds.
  path: Assets/SampleInputSystems
  artifactKey: Guid(9af86ac6fb5a1d744a6c837e22c912f2) Importer(815301076,1909f56bfc062723c751e8b465ee728b)
Start importing Assets/SampleInputSystems using Guid(9af86ac6fb5a1d744a6c837e22c912f2) Importer(815301076,1909f56bfc062723c751e8b465ee728b) (PreviewImporter) -> (artifact id: 'b366810f356e15e10c8ca94acce073ca') in 0.0007664 seconds
Number of updated asset objects reloaded before import = 0Number of asset objects unloaded after import = 0

========================================================================
Received Import Request.
  Time since last request: 8.737502 seconds.
  path: Assets/Sprites
  artifactKey: Guid(58dea692039868e48892949fbb245267) Importer(815301076,1909f56bfc062723c751e8b465ee728b)
Start importing Assets/Sprites using Guid(58dea692039868e48892949fbb245267) Importer(815301076,1909f56bfc062723c751e8b465ee728b) (PreviewImporter) -> (artifact id: '0d68a81c13204f6c16baf5fa7c895db3') in 0.0007285 seconds
Number of updated asset objects reloaded before import = 0Number of asset objects unloaded after import = 0

