[Licensing::Module] Trying to connect to existing licensing client channel...
Built from '6000.2/respin/6000.2.0f1-517f89d850d1' branch; Version is '6000.2.0f1 (eed1c594c913) revision 15651269'; Using compiler version '194234433'; Build Type 'Release'
OS: 'Windows 11  (10.0.26100) 64bit Core' Language: 'en' Physical Memory: 15596 MB
BatchMode: 1, IsHumanControllingUs: 0, StartBugReporterOnCrash: 0, Is64bit: 1
Date: 2025-08-21T08:28:13Z
[Licensing::IpcConnector] Successfully connected to: "LicenseClient-jovpr" at "2025-08-21T08:28:13.9258175Z"

COMMAND LINE ARGUMENTS:
C:\Program Files\Unity\Hub\Editor\6000.2.0f1\Editor\Unity.exe
-adb2
-batchMode
-noUpm
-name
AssetImportWorker1
-projectPath
C:/Users/jovpr/Downloads/WIU_y2s1/WIU-y1s2
-logFile
Logs/AssetImportWorker1.log
-srvPort
52396
-licensingIpc
LicenseClient-jovpr
-job-worker-count
7
-background-job-worker-count
8
-gc-helper-count
1
-name
AssetImport
Successfully changed project path to: C:/Users/jovpr/Downloads/WIU_y2s1/WIU-y1s2
C:/Users/jovpr/Downloads/WIU_y2s1/WIU-y1s2
[UnityMemory] Configuration Parameters - Can be set up in boot.config
    "memorysetup-allocator-temp-initial-block-size-main=262144"
    "memorysetup-allocator-temp-initial-block-size-worker=262144"
    "memorysetup-bucket-allocator-granularity=16"
    "memorysetup-bucket-allocator-bucket-count=8"
    "memorysetup-bucket-allocator-block-size=33554432"
    "memorysetup-bucket-allocator-block-count=8"
    "memorysetup-main-allocator-block-size=16777216"
    "memorysetup-thread-allocator-block-size=16777216"
    "memorysetup-gfx-main-allocator-block-size=16777216"
    "memorysetup-gfx-thread-allocator-block-size=16777216"
    "memorysetup-cache-allocator-block-size=4194304"
    "memorysetup-typetree-allocator-block-size=2097152"
    "memorysetup-profiler-bucket-allocator-granularity=16"
    "memorysetup-profiler-bucket-allocator-bucket-count=8"
    "memorysetup-profiler-bucket-allocator-block-size=33554432"
    "memorysetup-profiler-bucket-allocator-block-count=8"
    "memorysetup-profiler-allocator-block-size=16777216"
    "memorysetup-profiler-editor-allocator-block-size=1048576"
    "memorysetup-temp-allocator-size-main=16777216"
    "memorysetup-job-temp-allocator-block-size=2097152"
    "memorysetup-job-temp-allocator-block-size-background=1048576"
    "memorysetup-job-temp-allocator-reduction-small-platforms=262144"
    "memorysetup-temp-allocator-size-background-worker=32768"
    "memorysetup-temp-allocator-size-job-worker=262144"
    "memorysetup-temp-allocator-size-preload-manager=33554432"
    "memorysetup-temp-allocator-size-nav-mesh-worker=65536"
    "memorysetup-temp-allocator-size-audio-worker=65536"
    "memorysetup-temp-allocator-size-cloud-worker=32768"
    "memorysetup-temp-allocator-size-gi-baking-worker=262144"
    "memorysetup-temp-allocator-size-gi-baking-worker=262144"
    "memorysetup-temp-allocator-size-gi-baking-worker=262144"
    "memorysetup-temp-allocator-size-gi-baking-worker=262144"
    "memorysetup-temp-allocator-size-gi-baking-worker=262144"
    "memorysetup-temp-allocator-size-gfx=262144"
Player connection [21724]  Target information:

Player connection [21724]  * "[IP] 172.26.190.189 [Port] 0 [Flags] 2 [Guid] 4020157408 [EditorId] 4020157408 [Version] 1048832 [Id] WindowsEditor(7,blud) [Debug] 1 [PackageName] WindowsEditor [ProjectName] Editor" 

Player connection [21724] Host joined multi-casting on [225.0.0.222:54997]...
Player connection [21724] Host joined alternative multi-casting on [225.0.0.222:34997]...
JobSystem: Creating JobQueue using job-worker-count value 7
Input System module state changed to: Initialized.
[Physics::Module] Initialized fallback backend.
[Physics::Module] Id: 0xdecafbad
Library Redirect Path: Library/
[Licensing::Client] Code 10 while verifying Licensing Client signature (process Id: 28924, path: "C:/Program Files/Unity Hub/UnityLicensingClient_V1/Unity.Licensing.Client.exe")
[Licensing::Module] LicensingClient has failed validation; ignoring
[Licensing::Client] Error: HandshakeResponse reported an error:
	ResponseCode: 505
	ResponseStatus: Unsupported protocol version '1.17.1'.
[Licensing::Module] Error: Failed to handshake to channel: "LicenseClient-jovpr"
[Licensing::IpcConnector] LicenseClient-jovpr channel disconnected successfully.
[Licensing::IpcConnector] Successfully connected to: "LicenseClient-jovpr-6000.2.0" at "2025-08-21T08:28:14.0955389Z"
[Physics::Module] Selected backend.
[Physics::Module] Name: PhysX
[Physics::Module] Id: 0xf2b8ea05
[Physics::Module] SDK Version: 4.1.2
[Physics::Module] Integration Version: 1.0.0
[Physics::Module] Threading Mode: Multi-Threaded
[Licensing::Client] Code 10 while verifying Licensing Client signature (process Id: 30848, path: "C:/Program Files/Unity/Hub/Editor/6000.2.0f1/Editor/Data/Resources/Licensing/Client/Unity.Licensing.Client.exe")
[Licensing::Module] LicensingClient has failed validation; ignoring
[Licensing::Client] Handshaking with LicensingClient:
  Version:                 1.17.1+ae67fbc
  Session Id:              917dce3aaa40459c97901c9f101de386
  Correlation Id:          cebcad4e7915b0ef3159b6d3a3bf5b09
  External correlation Id: 4572329741961489808
  Machine Id:              +W06MLZ5RBPafftnDHnVfEiL8yg=
[Licensing::Module] Successfully connected to LicensingClient on channel: "LicenseClient-jovpr-6000.2.0" (connect: 0.01s, validation: 0.00s, handshake: 0.06s)
[Licensing::IpcConnector] Successfully connected to: "LicenseClient-jovpr-6000.2.0-notifications" at "2025-08-21T08:28:14.1554225Z"
[Licensing::Module] Licensing Background thread has ended after 0.23s
Refreshing native plugins compatible for Editor in 327.60 ms, found 4 plugins.
Preloading 0 native plugins for Editor in 0.00 ms.
Initialize engine version: 6000.2.0f1 (eed1c594c913)
[Subsystems] Discovering subsystems at path C:/Program Files/Unity/Hub/Editor/6000.2.0f1/Editor/Data/Resources/UnitySubsystems
[Subsystems] Discovering subsystems at path C:/Users/jovpr/Downloads/WIU_y2s1/WIU-y1s2/Assets
GfxDevice: creating device client; kGfxThreadingModeNonThreaded
Direct3D:
    Version:  Direct3D 11.0 [level 11.1]
    Renderer: AMD Radeon RX 6800S (ID=0x73ef)
    Vendor:   ATI
    VRAM:     8146 MB
    Driver:   32.0.11029.1008
Initialize mono
Mono path[0] = 'C:/Program Files/Unity/Hub/Editor/6000.2.0f1/Editor/Data/Managed'
Mono path[1] = 'C:/Program Files/Unity/Hub/Editor/6000.2.0f1/Editor/Data/MonoBleedingEdge/lib/mono/unityjit-win32'
Mono config path = 'C:/Program Files/Unity/Hub/Editor/6000.2.0f1/Editor/Data/MonoBleedingEdge/etc'
Using monoOptions --debugger-agent=transport=dt_socket,embedding=1,server=y,suspend=n,address=127.0.0.1:56072
Begin MonoManager ReloadAssembly
Registering precompiled unity dll's ...
Register platform support module: C:/Program Files/Unity/Hub/Editor/6000.2.0f1/Editor/Data/PlaybackEngines/WindowsStandaloneSupport/UnityEditor.WindowsStandalone.Extensions.dll
Registered in 0.468834 seconds.
- Loaded All Assemblies, in  4.086 seconds
Native extension for WindowsStandalone target not found
Mono: successfully reloaded assembly
- Finished resetting the current domain, in  0.694 seconds
Domain Reload Profiling: 4776ms
	BeginReloadAssembly (3151ms)
		ExecutionOrderSort (0ms)
		DisableScriptedObjects (0ms)
		BackupInstance (0ms)
		ReleaseScriptingObjects (0ms)
		CreateAndSetChildDomain (1ms)
	RebuildCommonClasses (52ms)
	RebuildNativeTypeToScriptingClass (21ms)
	initialDomainReloadingComplete (536ms)
	LoadAllAssembliesAndSetupDomain (322ms)
		LoadAssemblies (3145ms)
		RebuildTransferFunctionScriptingTraits (0ms)
		AnalyzeDomain (318ms)
			TypeCache.Refresh (315ms)
				TypeCache.ScanAssembly (292ms)
			BuildScriptInfoCaches (0ms)
			ResolveRequiredComponents (1ms)
	FinalizeReload (695ms)
		ReleaseScriptCaches (0ms)
		RebuildScriptCaches (0ms)
		SetupLoadedEditorAssemblies (611ms)
			LogAssemblyErrors (0ms)
			InitializePlatformSupportModulesInManaged (100ms)
			SetLoadedEditorAssemblies (8ms)
			BeforeProcessingInitializeOnLoad (141ms)
			ProcessInitializeOnLoadAttributes (248ms)
			ProcessInitializeOnLoadMethodAttributes (113ms)
			AfterProcessingInitializeOnLoad (0ms)
			EditorAssembliesLoaded (0ms)
		ExecutionOrderSort2 (0ms)
		AwakeInstancesAfterBackupRestoration (0ms)
========================================================================
Worker process is ready to serve import requests
Import Worker Mode flag is 0x00
Begin MonoManager ReloadAssembly
[Licensing::Client] Successfully resolved entitlement details
[Licensing::Module] License group:
  Id: 18968273127090-UnityPersXXXX
  Product: Unity Personal
  Type: Assigned
  Expiration: Unlimited
- Loaded All Assemblies, in  6.594 seconds
Refreshing native plugins compatible for Editor in 4.16 ms, found 4 plugins.
Native extension for WindowsStandalone target not found
Mono: successfully reloaded assembly
- Finished resetting the current domain, in  1.763 seconds
Domain Reload Profiling: 8333ms
	BeginReloadAssembly (378ms)
		ExecutionOrderSort (0ms)
		DisableScriptedObjects (10ms)
		BackupInstance (0ms)
		ReleaseScriptingObjects (0ms)
		CreateAndSetChildDomain (64ms)
	RebuildCommonClasses (90ms)
	RebuildNativeTypeToScriptingClass (22ms)
	initialDomainReloadingComplete (90ms)
	LoadAllAssembliesAndSetupDomain (5990ms)
		LoadAssemblies (5615ms)
		RebuildTransferFunctionScriptingTraits (0ms)
		AnalyzeDomain (588ms)
			TypeCache.Refresh (440ms)
				TypeCache.ScanAssembly (411ms)
			BuildScriptInfoCaches (119ms)
			ResolveRequiredComponents (21ms)
	FinalizeReload (1764ms)
		ReleaseScriptCaches (0ms)
		RebuildScriptCaches (0ms)
		SetupLoadedEditorAssemblies (1443ms)
			LogAssemblyErrors (0ms)
			InitializePlatformSupportModulesInManaged (4ms)
			SetLoadedEditorAssemblies (9ms)
			BeforeProcessingInitializeOnLoad (341ms)
			ProcessInitializeOnLoadAttributes (809ms)
			ProcessInitializeOnLoadMethodAttributes (267ms)
			AfterProcessingInitializeOnLoad (12ms)
			EditorAssembliesLoaded (0ms)
		ExecutionOrderSort2 (0ms)
		AwakeInstancesAfterBackupRestoration (11ms)
Launched and connected shader compiler UnityShaderCompiler.exe after 0.02 seconds
Refreshing native plugins compatible for Editor in 4.65 ms, found 4 plugins.
Preloading 0 native plugins for Editor in 0.00 ms.
Unloading 14 Unused Serialized files (Serialized files now loaded: 0)
Unloading 6765 unused Assets / (5.3 MB). Loaded Objects now: 7489.
Memory consumption went from 138.6 MB to 133.3 MB.
Total: 20.969200 ms (FindLiveObjects: 1.671900 ms CreateObjectMapping: 2.046200 ms MarkObjects: 11.394200 ms  DeleteObjects: 5.854300 ms)

========================================================================
Received Import Request.
  Time since last request: 198678.857722 seconds.
  path: Assets/UniversalRenderPipelineGlobalSettings.asset
  artifactKey: Guid(93b439a37f63240aca3dd4e01d978a9f) Importer(815301076,1909f56bfc062723c751e8b465ee728b)
Start importing Assets/UniversalRenderPipelineGlobalSettings.asset using Guid(93b439a37f63240aca3dd4e01d978a9f) Importer(815301076,1909f56bfc062723c751e8b465ee728b) (PreviewImporter) -> (artifact id: '29aabcfedcaf2573a3524aaeba73725a') in 0.038087 seconds
Number of updated asset objects reloaded before import = 0Number of asset objects unloaded after import = 0

========================================================================
Received Import Request.
  Time since last request: 0.000032 seconds.
  path: Assets/Scenes/InventorySampleScene.unity
  artifactKey: Guid(bca6398358eab3843804898a7fc5ca22) Importer(815301076,1909f56bfc062723c751e8b465ee728b)
Start importing Assets/Scenes/InventorySampleScene.unity using Guid(bca6398358eab3843804898a7fc5ca22) Importer(815301076,1909f56bfc062723c751e8b465ee728b) (PreviewImporter) -> (artifact id: '3eecd810f0119da10a3cb74ff5dc20fe') in 0.0009277 seconds
Number of updated asset objects reloaded before import = 0Number of asset objects unloaded after import = 0

========================================================================
Received Prepare
Begin MonoManager ReloadAssembly
- Loaded All Assemblies, in  1.050 seconds
Refreshing native plugins compatible for Editor in 2.56 ms, found 4 plugins.
Native extension for WindowsStandalone target not found
Mono: successfully reloaded assembly
- Finished resetting the current domain, in  1.089 seconds
Domain Reload Profiling: 2134ms
	BeginReloadAssembly (283ms)
		ExecutionOrderSort (0ms)
		DisableScriptedObjects (17ms)
		BackupInstance (0ms)
		ReleaseScriptingObjects (0ms)
		CreateAndSetChildDomain (74ms)
	RebuildCommonClasses (44ms)
	RebuildNativeTypeToScriptingClass (15ms)
	initialDomainReloadingComplete (40ms)
	LoadAllAssembliesAndSetupDomain (661ms)
		LoadAssemblies (525ms)
		RebuildTransferFunctionScriptingTraits (0ms)
		AnalyzeDomain (259ms)
			TypeCache.Refresh (9ms)
				TypeCache.ScanAssembly (0ms)
			BuildScriptInfoCaches (233ms)
			ResolveRequiredComponents (14ms)
	FinalizeReload (1090ms)
		ReleaseScriptCaches (0ms)
		RebuildScriptCaches (0ms)
		SetupLoadedEditorAssemblies (886ms)
			LogAssemblyErrors (0ms)
			InitializePlatformSupportModulesInManaged (2ms)
			SetLoadedEditorAssemblies (7ms)
			BeforeProcessingInitializeOnLoad (205ms)
			ProcessInitializeOnLoadAttributes (558ms)
			ProcessInitializeOnLoadMethodAttributes (104ms)
			AfterProcessingInitializeOnLoad (10ms)
			EditorAssembliesLoaded (0ms)
		ExecutionOrderSort2 (0ms)
		AwakeInstancesAfterBackupRestoration (22ms)
Refreshing native plugins compatible for Editor in 3.26 ms, found 4 plugins.
Preloading 0 native plugins for Editor in 0.00 ms.
Unloading 14 Unused Serialized files (Serialized files now loaded: 0)
Unloading 6763 unused Assets / (6.4 MB). Loaded Objects now: 7495.
Memory consumption went from 140.2 MB to 133.8 MB.
Total: 15.068200 ms (FindLiveObjects: 1.017600 ms CreateObjectMapping: 1.489900 ms MarkObjects: 6.987600 ms  DeleteObjects: 5.571600 ms)

Prepare: number of updated asset objects reloaded= 0
========================================================================
Received Prepare
Begin MonoManager ReloadAssembly
[Licensing::Client] Successfully resolved entitlement details
- Loaded All Assemblies, in  0.944 seconds
Refreshing native plugins compatible for Editor in 2.52 ms, found 4 plugins.
Native extension for WindowsStandalone target not found
Mono: successfully reloaded assembly
- Finished resetting the current domain, in  0.990 seconds
Domain Reload Profiling: 1930ms
	BeginReloadAssembly (271ms)
		ExecutionOrderSort (0ms)
		DisableScriptedObjects (19ms)
		BackupInstance (0ms)
		ReleaseScriptingObjects (0ms)
		CreateAndSetChildDomain (63ms)
	RebuildCommonClasses (43ms)
	RebuildNativeTypeToScriptingClass (14ms)
	initialDomainReloadingComplete (39ms)
	LoadAllAssembliesAndSetupDomain (572ms)
		LoadAssemblies (464ms)
		RebuildTransferFunctionScriptingTraits (0ms)
		AnalyzeDomain (229ms)
			TypeCache.Refresh (7ms)
				TypeCache.ScanAssembly (0ms)
			BuildScriptInfoCaches (203ms)
			ResolveRequiredComponents (13ms)
	FinalizeReload (990ms)
		ReleaseScriptCaches (0ms)
		RebuildScriptCaches (0ms)
		SetupLoadedEditorAssemblies (795ms)
			LogAssemblyErrors (0ms)
			InitializePlatformSupportModulesInManaged (2ms)
			SetLoadedEditorAssemblies (7ms)
			BeforeProcessingInitializeOnLoad (183ms)
			ProcessInitializeOnLoadAttributes (499ms)
			ProcessInitializeOnLoadMethodAttributes (94ms)
			AfterProcessingInitializeOnLoad (10ms)
			EditorAssembliesLoaded (1ms)
		ExecutionOrderSort2 (0ms)
		AwakeInstancesAfterBackupRestoration (24ms)
Refreshing native plugins compatible for Editor in 2.88 ms, found 4 plugins.
Preloading 0 native plugins for Editor in 0.00 ms.
Unloading 14 Unused Serialized files (Serialized files now loaded: 0)
Unloading 6763 unused Assets / (5.1 MB). Loaded Objects now: 7497.
Memory consumption went from 142.1 MB to 137.0 MB.
Total: 13.221800 ms (FindLiveObjects: 0.970500 ms CreateObjectMapping: 1.044700 ms MarkObjects: 6.842200 ms  DeleteObjects: 4.361900 ms)

Prepare: number of updated asset objects reloaded= 0
========================================================================
Received Import Request.
  Time since last request: 333.090972 seconds.
  path: Assets/Scripts/ScriptableObjs/Jovan_/SO_Inventory/Edible Item SO/Invincibility Potion.asset
  artifactKey: Guid(3a277845ab600734b9ce5b424c7a0f93) Importer(815301076,1909f56bfc062723c751e8b465ee728b)
Start importing Assets/Scripts/ScriptableObjs/Jovan_/SO_Inventory/Edible Item SO/Invincibility Potion.asset using Guid(3a277845ab600734b9ce5b424c7a0f93) Importer(815301076,1909f56bfc062723c751e8b465ee728b) (PreviewImporter) -> (artifact id: 'd3844e6e9e4d0b9f3f94ed3320378eb8') in 0.0291938 seconds
Number of updated asset objects reloaded before import = 0Number of asset objects unloaded after import = 3

========================================================================
Received Import Request.
  Time since last request: 0.000024 seconds.
  path: Assets/Scripts/ScriptableObjs/Jovan_/SO_Inventory/Edible Item SO/Speed Boost Potion.asset
  artifactKey: Guid(51b130de88726744dbdfe966f96cf2dc) Importer(815301076,1909f56bfc062723c751e8b465ee728b)
Start importing Assets/Scripts/ScriptableObjs/Jovan_/SO_Inventory/Edible Item SO/Speed Boost Potion.asset using Guid(51b130de88726744dbdfe966f96cf2dc) Importer(815301076,1909f56bfc062723c751e8b465ee728b) (PreviewImporter) -> (artifact id: '8f866fc8d77a88fbea417e7d5d758958') in 0.0024785 seconds
Number of updated asset objects reloaded before import = 0Number of asset objects unloaded after import = 3

========================================================================
Received Import Request.
  Time since last request: 1.024709 seconds.
  path: Assets/Scripts/ScriptableObjs/Jovan_/SO_Inventory/Stats SO/Invincibility Effect.asset
  artifactKey: Guid(27229567f5fe59b4c9bfb19b24c86dd0) Importer(815301076,1909f56bfc062723c751e8b465ee728b)
Start importing Assets/Scripts/ScriptableObjs/Jovan_/SO_Inventory/Stats SO/Invincibility Effect.asset using Guid(27229567f5fe59b4c9bfb19b24c86dd0) Importer(815301076,1909f56bfc062723c751e8b465ee728b) (PreviewImporter) -> (artifact id: 'f05be2c91d5e5caddf9ce46c1bb76efc') in 0.0014709 seconds
Number of updated asset objects reloaded before import = 0Number of asset objects unloaded after import = 1

========================================================================
Received Import Request.
  Time since last request: 0.000018 seconds.
  path: Assets/Scripts/ScriptableObjs/Jovan_/SO_Inventory/Stats SO/Jump Boost.asset
  artifactKey: Guid(d8b249cd23370c2499843625b03dfb03) Importer(815301076,1909f56bfc062723c751e8b465ee728b)
Start importing Assets/Scripts/ScriptableObjs/Jovan_/SO_Inventory/Stats SO/Jump Boost.asset using Guid(d8b249cd23370c2499843625b03dfb03) Importer(815301076,1909f56bfc062723c751e8b465ee728b) (PreviewImporter) -> (artifact id: 'd2cb5341953a1dd949c0682daf7a2078') in 0.0014743 seconds
Number of updated asset objects reloaded before import = 0Number of asset objects unloaded after import = 1

========================================================================
Received Prepare
Refreshing native plugins compatible for Editor in 2.48 ms, found 4 plugins.
Preloading 0 native plugins for Editor in 0.00 ms.
Unloading 14 Unused Serialized files (Serialized files now loaded: 0)
Unloading 6753 unused Assets / (5.1 MB). Loaded Objects now: 7498.
Memory consumption went from 142.3 MB to 137.3 MB.
Total: 13.293500 ms (FindLiveObjects: 0.871100 ms CreateObjectMapping: 0.896300 ms MarkObjects: 8.102200 ms  DeleteObjects: 3.422300 ms)

Prepare: number of updated asset objects reloaded= 0
========================================================================
Received Prepare
Begin MonoManager ReloadAssembly
[Licensing::Client] Successfully resolved entitlement details
- Loaded All Assemblies, in  0.958 seconds
Refreshing native plugins compatible for Editor in 2.47 ms, found 4 plugins.
Native extension for WindowsStandalone target not found
Mono: successfully reloaded assembly
- Finished resetting the current domain, in  1.020 seconds
Domain Reload Profiling: 1974ms
	BeginReloadAssembly (262ms)
		ExecutionOrderSort (0ms)
		DisableScriptedObjects (21ms)
		BackupInstance (0ms)
		ReleaseScriptingObjects (0ms)
		CreateAndSetChildDomain (65ms)
	RebuildCommonClasses (43ms)
	RebuildNativeTypeToScriptingClass (15ms)
	initialDomainReloadingComplete (36ms)
	LoadAllAssembliesAndSetupDomain (598ms)
		LoadAssemblies (455ms)
		RebuildTransferFunctionScriptingTraits (0ms)
		AnalyzeDomain (253ms)
			TypeCache.Refresh (11ms)
				TypeCache.ScanAssembly (1ms)
			BuildScriptInfoCaches (223ms)
			ResolveRequiredComponents (14ms)
	FinalizeReload (1020ms)
		ReleaseScriptCaches (0ms)
		RebuildScriptCaches (0ms)
		SetupLoadedEditorAssemblies (810ms)
			LogAssemblyErrors (0ms)
			InitializePlatformSupportModulesInManaged (2ms)
			SetLoadedEditorAssemblies (7ms)
			BeforeProcessingInitializeOnLoad (221ms)
			ProcessInitializeOnLoadAttributes (492ms)
			ProcessInitializeOnLoadMethodAttributes (80ms)
			AfterProcessingInitializeOnLoad (8ms)
			EditorAssembliesLoaded (0ms)
		ExecutionOrderSort2 (0ms)
		AwakeInstancesAfterBackupRestoration (21ms)
Refreshing native plugins compatible for Editor in 2.51 ms, found 4 plugins.
Preloading 0 native plugins for Editor in 0.00 ms.
Unloading 14 Unused Serialized files (Serialized files now loaded: 0)
Unloading 6764 unused Assets / (4.9 MB). Loaded Objects now: 7500.
Memory consumption went from 142.2 MB to 137.2 MB.
Total: 11.875700 ms (FindLiveObjects: 0.843800 ms CreateObjectMapping: 1.069600 ms MarkObjects: 6.311600 ms  DeleteObjects: 3.648900 ms)

Prepare: number of updated asset objects reloaded= 0
========================================================================
Received Prepare
Refreshing native plugins compatible for Editor in 3.80 ms, found 4 plugins.
Preloading 0 native plugins for Editor in 0.00 ms.
Unloading 14 Unused Serialized files (Serialized files now loaded: 0)
Unloading 6753 unused Assets / (5.2 MB). Loaded Objects now: 7500.
Memory consumption went from 142.3 MB to 137.2 MB.
Total: 16.115000 ms (FindLiveObjects: 0.912800 ms CreateObjectMapping: 1.378700 ms MarkObjects: 9.169300 ms  DeleteObjects: 4.652500 ms)

Prepare: number of updated asset objects reloaded= 0
========================================================================
Received Prepare
Refreshing native plugins compatible for Editor in 3.05 ms, found 4 plugins.
Preloading 0 native plugins for Editor in 0.00 ms.
Unloading 14 Unused Serialized files (Serialized files now loaded: 0)
Unloading 6753 unused Assets / (5.2 MB). Loaded Objects now: 7500.
Memory consumption went from 142.3 MB to 137.1 MB.
Total: 14.946300 ms (FindLiveObjects: 0.945900 ms CreateObjectMapping: 0.865200 ms MarkObjects: 8.735600 ms  DeleteObjects: 4.398000 ms)

Prepare: number of updated asset objects reloaded= 0
========================================================================
Received Prepare
Refreshing native plugins compatible for Editor in 3.35 ms, found 4 plugins.
Preloading 0 native plugins for Editor in 0.00 ms.
Unloading 14 Unused Serialized files (Serialized files now loaded: 0)
Unloading 6753 unused Assets / (4.8 MB). Loaded Objects now: 7500.
Memory consumption went from 142.3 MB to 137.6 MB.
Total: 14.440400 ms (FindLiveObjects: 0.891700 ms CreateObjectMapping: 1.435300 ms MarkObjects: 8.024500 ms  DeleteObjects: 4.087400 ms)

Prepare: number of updated asset objects reloaded= 0
========================================================================
Received Prepare
Refreshing native plugins compatible for Editor in 3.36 ms, found 4 plugins.
Preloading 0 native plugins for Editor in 0.00 ms.
Unloading 14 Unused Serialized files (Serialized files now loaded: 0)
Unloading 6753 unused Assets / (5.1 MB). Loaded Objects now: 7500.
Memory consumption went from 142.3 MB to 137.3 MB.
Total: 15.618300 ms (FindLiveObjects: 1.054500 ms CreateObjectMapping: 1.621500 ms MarkObjects: 8.024700 ms  DeleteObjects: 4.916100 ms)

Prepare: number of updated asset objects reloaded= 0
========================================================================
Received Prepare
Refreshing native plugins compatible for Editor in 4.04 ms, found 4 plugins.
Preloading 0 native plugins for Editor in 0.00 ms.
Unloading 14 Unused Serialized files (Serialized files now loaded: 0)
Unloading 6753 unused Assets / (5.5 MB). Loaded Objects now: 7500.
Memory consumption went from 142.3 MB to 136.9 MB.
Total: 16.178600 ms (FindLiveObjects: 1.532800 ms CreateObjectMapping: 1.180100 ms MarkObjects: 8.886600 ms  DeleteObjects: 4.577400 ms)

Prepare: number of updated asset objects reloaded= 0
========================================================================
Received Prepare
Begin MonoManager ReloadAssembly
[Licensing::Client] Successfully resolved entitlement details
- Loaded All Assemblies, in  1.295 seconds
Refreshing native plugins compatible for Editor in 2.60 ms, found 4 plugins.
Native extension for WindowsStandalone target not found
Mono: successfully reloaded assembly
- Finished resetting the current domain, in  0.949 seconds
Domain Reload Profiling: 2241ms
	BeginReloadAssembly (431ms)
		ExecutionOrderSort (0ms)
		DisableScriptedObjects (47ms)
		BackupInstance (0ms)
		ReleaseScriptingObjects (0ms)
		CreateAndSetChildDomain (137ms)
	RebuildCommonClasses (48ms)
	RebuildNativeTypeToScriptingClass (17ms)
	initialDomainReloadingComplete (44ms)
	LoadAllAssembliesAndSetupDomain (752ms)
		LoadAssemblies (622ms)
		RebuildTransferFunctionScriptingTraits (0ms)
		AnalyzeDomain (280ms)
			TypeCache.Refresh (11ms)
				TypeCache.ScanAssembly (1ms)
			BuildScriptInfoCaches (245ms)
			ResolveRequiredComponents (18ms)
	FinalizeReload (949ms)
		ReleaseScriptCaches (0ms)
		RebuildScriptCaches (0ms)
		SetupLoadedEditorAssemblies (727ms)
			LogAssemblyErrors (0ms)
			InitializePlatformSupportModulesInManaged (3ms)
			SetLoadedEditorAssemblies (7ms)
			BeforeProcessingInitializeOnLoad (184ms)
			ProcessInitializeOnLoadAttributes (450ms)
			ProcessInitializeOnLoadMethodAttributes (74ms)
			AfterProcessingInitializeOnLoad (9ms)
			EditorAssembliesLoaded (0ms)
		ExecutionOrderSort2 (0ms)
		AwakeInstancesAfterBackupRestoration (18ms)
Refreshing native plugins compatible for Editor in 2.40 ms, found 4 plugins.
Preloading 0 native plugins for Editor in 0.00 ms.
Unloading 14 Unused Serialized files (Serialized files now loaded: 0)
Unloading 6764 unused Assets / (4.9 MB). Loaded Objects now: 7502.
Memory consumption went from 142.2 MB to 137.3 MB.
Total: 12.787700 ms (FindLiveObjects: 0.972500 ms CreateObjectMapping: 0.929300 ms MarkObjects: 7.369700 ms  DeleteObjects: 3.514900 ms)

Prepare: number of updated asset objects reloaded= 0
========================================================================
Received Prepare
Refreshing native plugins compatible for Editor in 3.45 ms, found 4 plugins.
Preloading 0 native plugins for Editor in 0.00 ms.
Unloading 14 Unused Serialized files (Serialized files now loaded: 0)
Unloading 6752 unused Assets / (5.0 MB). Loaded Objects now: 7501.
Memory consumption went from 142.4 MB to 137.4 MB.
Total: 12.513500 ms (FindLiveObjects: 1.130400 ms CreateObjectMapping: 1.098500 ms MarkObjects: 6.858400 ms  DeleteObjects: 3.424800 ms)

Prepare: number of updated asset objects reloaded= 0
========================================================================
Received Prepare
Begin MonoManager ReloadAssembly
- Loaded All Assemblies, in  1.179 seconds
Refreshing native plugins compatible for Editor in 3.34 ms, found 4 plugins.
Native extension for WindowsStandalone target not found
Mono: successfully reloaded assembly
- Finished resetting the current domain, in  1.121 seconds
Domain Reload Profiling: 2292ms
	BeginReloadAssembly (309ms)
		ExecutionOrderSort (0ms)
		DisableScriptedObjects (18ms)
		BackupInstance (0ms)
		ReleaseScriptingObjects (0ms)
		CreateAndSetChildDomain (71ms)
	RebuildCommonClasses (54ms)
	RebuildNativeTypeToScriptingClass (15ms)
	initialDomainReloadingComplete (48ms)
	LoadAllAssembliesAndSetupDomain (745ms)
		LoadAssemblies (572ms)
		RebuildTransferFunctionScriptingTraits (0ms)
		AnalyzeDomain (312ms)
			TypeCache.Refresh (12ms)
				TypeCache.ScanAssembly (1ms)
			BuildScriptInfoCaches (277ms)
			ResolveRequiredComponents (16ms)
	FinalizeReload (1122ms)
		ReleaseScriptCaches (0ms)
		RebuildScriptCaches (0ms)
		SetupLoadedEditorAssemblies (889ms)
			LogAssemblyErrors (0ms)
			InitializePlatformSupportModulesInManaged (3ms)
			SetLoadedEditorAssemblies (9ms)
			BeforeProcessingInitializeOnLoad (255ms)
			ProcessInitializeOnLoadAttributes (514ms)
			ProcessInitializeOnLoadMethodAttributes (94ms)
			AfterProcessingInitializeOnLoad (13ms)
			EditorAssembliesLoaded (1ms)
		ExecutionOrderSort2 (0ms)
		AwakeInstancesAfterBackupRestoration (22ms)
Refreshing native plugins compatible for Editor in 3.25 ms, found 4 plugins.
Preloading 0 native plugins for Editor in 0.00 ms.
Unloading 14 Unused Serialized files (Serialized files now loaded: 0)
Unloading 6763 unused Assets / (4.4 MB). Loaded Objects now: 7503.
Memory consumption went from 142.2 MB to 137.8 MB.
Total: 13.581700 ms (FindLiveObjects: 0.839100 ms CreateObjectMapping: 1.262900 ms MarkObjects: 8.298600 ms  DeleteObjects: 3.179700 ms)

Prepare: number of updated asset objects reloaded= 0
========================================================================
Received Import Request.
  Time since last request: 689.551914 seconds.
  path: Assets/Art/Inventory UI Art/2 Bars/Button2.png
  artifactKey: Guid(31f30489979d0074c81ab659504dcc41) Importer(815301076,1909f56bfc062723c751e8b465ee728b)
Start importing Assets/Art/Inventory UI Art/2 Bars/Button2.png using Guid(31f30489979d0074c81ab659504dcc41) Importer(815301076,1909f56bfc062723c751e8b465ee728b) (PreviewImporter) -> (artifact id: '561ddddd13d7efe138e39da62feb1bce') in 0.2164734 seconds
Number of updated asset objects reloaded before import = 0Number of asset objects unloaded after import = 3

========================================================================
Received Import Request.
  Time since last request: 0.000039 seconds.
  path: Assets/Art/Inventory UI Art/2 Bars/Scrolling.png
  artifactKey: Guid(1f76501c2dfe7c44b95e126ebb00fdf8) Importer(815301076,1909f56bfc062723c751e8b465ee728b)
Start importing Assets/Art/Inventory UI Art/2 Bars/Scrolling.png using Guid(1f76501c2dfe7c44b95e126ebb00fdf8) Importer(815301076,1909f56bfc062723c751e8b465ee728b) (PreviewImporter) -> (artifact id: '81fb5cf82d75c5087181a08927ad24fa') in 0.0275791 seconds
Number of updated asset objects reloaded before import = 0Number of asset objects unloaded after import = 3

========================================================================
Received Import Request.
  Time since last request: 0.000037 seconds.
  path: Assets/Art/Inventory UI Art/2 Bars/Loading_bar2.png
  artifactKey: Guid(b7153ea6dfeef0a4e95019cf0ca4366c) Importer(815301076,1909f56bfc062723c751e8b465ee728b)
Start importing Assets/Art/Inventory UI Art/2 Bars/Loading_bar2.png using Guid(b7153ea6dfeef0a4e95019cf0ca4366c) Importer(815301076,1909f56bfc062723c751e8b465ee728b) (PreviewImporter) -> (artifact id: 'da8cc7c57b868cd5b7f1e1d0e90920e4') in 0.024566 seconds
Number of updated asset objects reloaded before import = 0Number of asset objects unloaded after import = 3

========================================================================
Received Import Request.
  Time since last request: 0.000053 seconds.
  path: Assets/Art/Inventory UI Art/2 Bars/Button4.png
  artifactKey: Guid(ee2eba042e60976428bbee1ee7a40be4) Importer(815301076,1909f56bfc062723c751e8b465ee728b)
Start importing Assets/Art/Inventory UI Art/2 Bars/Button4.png using Guid(ee2eba042e60976428bbee1ee7a40be4) Importer(815301076,1909f56bfc062723c751e8b465ee728b) (PreviewImporter) -> (artifact id: 'a883991116ac85f0d69c171449e27007') in 0.0266092 seconds
Number of updated asset objects reloaded before import = 0Number of asset objects unloaded after import = 3

========================================================================
Received Import Request.
  Time since last request: 23.972907 seconds.
  path: Assets/Art/Inventory UI Art/PSD/Icons.psd
  artifactKey: Guid(faf5aa83d235bff46884b88b9f63da70) Importer(815301076,1909f56bfc062723c751e8b465ee728b)
Start importing Assets/Art/Inventory UI Art/PSD/Icons.psd using Guid(faf5aa83d235bff46884b88b9f63da70) Importer(815301076,1909f56bfc062723c751e8b465ee728b) (PreviewImporter) -> (artifact id: 'bc0cb0623347728d4b5cb0e958e1cf29') in 0.0331824 seconds
Number of updated asset objects reloaded before import = 0Number of asset objects unloaded after import = 3

========================================================================
Received Import Request.
  Time since last request: 5.424431 seconds.
  path: Assets/Art/Inventory UI Art/3 Icons/Icons yellow/Icon_02.png
  artifactKey: Guid(61d5f80d169417b48bad1bba1fa479a0) Importer(815301076,1909f56bfc062723c751e8b465ee728b)
Start importing Assets/Art/Inventory UI Art/3 Icons/Icons yellow/Icon_02.png using Guid(61d5f80d169417b48bad1bba1fa479a0) Importer(815301076,1909f56bfc062723c751e8b465ee728b) (PreviewImporter) -> (artifact id: '4aa09bdf5ac9028e234716a306cf7a25') in 0.0274869 seconds
Number of updated asset objects reloaded before import = 0Number of asset objects unloaded after import = 4

========================================================================
Received Import Request.
  Time since last request: 0.000021 seconds.
  path: Assets/Art/Inventory UI Art/3 Icons/Icons yellow/Icon_07.png
  artifactKey: Guid(63ebc29324d404d49bd9c06ec9652449) Importer(815301076,1909f56bfc062723c751e8b465ee728b)
Start importing Assets/Art/Inventory UI Art/3 Icons/Icons yellow/Icon_07.png using Guid(63ebc29324d404d49bd9c06ec9652449) Importer(815301076,1909f56bfc062723c751e8b465ee728b) (PreviewImporter) -> (artifact id: 'e3015c88d8c6af38aded4dcc07d3bae3') in 0.0203246 seconds
Number of updated asset objects reloaded before import = 0Number of asset objects unloaded after import = 3

========================================================================
Received Import Request.
  Time since last request: 0.000019 seconds.
  path: Assets/Art/Inventory UI Art/3 Icons/Icons yellow/Icon_13.png
  artifactKey: Guid(5b9649846661ab04a99ca16761b5c1cc) Importer(815301076,1909f56bfc062723c751e8b465ee728b)
Start importing Assets/Art/Inventory UI Art/3 Icons/Icons yellow/Icon_13.png using Guid(5b9649846661ab04a99ca16761b5c1cc) Importer(815301076,1909f56bfc062723c751e8b465ee728b) (PreviewImporter) -> (artifact id: 'd9f81b7b4ce9fd464b9f577db751e175') in 0.0206236 seconds
Number of updated asset objects reloaded before import = 0Number of asset objects unloaded after import = 3

========================================================================
Received Import Request.
  Time since last request: 0.000024 seconds.
  path: Assets/Art/Inventory UI Art/3 Icons/Icons yellow/Icon_26.png
  artifactKey: Guid(05dbf7c3ba8f3cf4a86616ca341db065) Importer(815301076,1909f56bfc062723c751e8b465ee728b)
Start importing Assets/Art/Inventory UI Art/3 Icons/Icons yellow/Icon_26.png using Guid(05dbf7c3ba8f3cf4a86616ca341db065) Importer(815301076,1909f56bfc062723c751e8b465ee728b) (PreviewImporter) -> (artifact id: '71a33b58d46fc4e42bae4ef7c4759a97') in 0.0202347 seconds
Number of updated asset objects reloaded before import = 0Number of asset objects unloaded after import = 3

========================================================================
Received Import Request.
  Time since last request: 0.000036 seconds.
  path: Assets/Art/Inventory UI Art/3 Icons/Icons yellow/Icon_36.png
  artifactKey: Guid(07f017904e5bb964c8b33af8ae1094d7) Importer(815301076,1909f56bfc062723c751e8b465ee728b)
Start importing Assets/Art/Inventory UI Art/3 Icons/Icons yellow/Icon_36.png using Guid(07f017904e5bb964c8b33af8ae1094d7) Importer(815301076,1909f56bfc062723c751e8b465ee728b) (PreviewImporter) -> (artifact id: '521b3d27ab8553d610a89dac1a30b1de') in 0.0243127 seconds
Number of updated asset objects reloaded before import = 0Number of asset objects unloaded after import = 5

========================================================================
Received Import Request.
  Time since last request: 0.000019 seconds.
  path: Assets/Art/Inventory UI Art/3 Icons/Icons yellow/Icon_49.png
  artifactKey: Guid(d369c81975c0f4144b1d7196fb20772d) Importer(815301076,1909f56bfc062723c751e8b465ee728b)
Start importing Assets/Art/Inventory UI Art/3 Icons/Icons yellow/Icon_49.png using Guid(d369c81975c0f4144b1d7196fb20772d) Importer(815301076,1909f56bfc062723c751e8b465ee728b) (PreviewImporter) -> (artifact id: 'fab304704bcda44a831b05081462958f') in 0.0224325 seconds
Number of updated asset objects reloaded before import = 0Number of asset objects unloaded after import = 3

========================================================================
Received Import Request.
  Time since last request: 0.000022 seconds.
  path: Assets/Art/Inventory UI Art/3 Icons/Icons yellow/Icon_15.png
  artifactKey: Guid(0f71f18f0603e7744aa96483ca329b91) Importer(815301076,1909f56bfc062723c751e8b465ee728b)
Start importing Assets/Art/Inventory UI Art/3 Icons/Icons yellow/Icon_15.png using Guid(0f71f18f0603e7744aa96483ca329b91) Importer(815301076,1909f56bfc062723c751e8b465ee728b) (PreviewImporter) -> (artifact id: 'fb630e0265c686473e799b6c98548ac8') in 0.0218039 seconds
Number of updated asset objects reloaded before import = 0Number of asset objects unloaded after import = 3

========================================================================
Received Import Request.
  Time since last request: 0.000025 seconds.
  path: Assets/Art/Inventory UI Art/3 Icons/Icons yellow/Icon_27.png
  artifactKey: Guid(5e25641fefab4b549840996a93293b90) Importer(815301076,1909f56bfc062723c751e8b465ee728b)
Start importing Assets/Art/Inventory UI Art/3 Icons/Icons yellow/Icon_27.png using Guid(5e25641fefab4b549840996a93293b90) Importer(815301076,1909f56bfc062723c751e8b465ee728b) (PreviewImporter) -> (artifact id: 'fffea35c0adda62b5b4eed66ab18b8b7') in 0.0220919 seconds
Number of updated asset objects reloaded before import = 0Number of asset objects unloaded after import = 3

========================================================================
Received Import Request.
  Time since last request: 0.000039 seconds.
  path: Assets/Art/Inventory UI Art/3 Icons/Icons yellow/Icon_32.png
  artifactKey: Guid(a36d394ab8784554a9b7ccdf2832915c) Importer(815301076,1909f56bfc062723c751e8b465ee728b)
Start importing Assets/Art/Inventory UI Art/3 Icons/Icons yellow/Icon_32.png using Guid(a36d394ab8784554a9b7ccdf2832915c) Importer(815301076,1909f56bfc062723c751e8b465ee728b) (PreviewImporter) -> (artifact id: '8c6f9b8ebbc304d9f5274a9812474859') in 0.0233975 seconds
Number of updated asset objects reloaded before import = 0Number of asset objects unloaded after import = 3

========================================================================
Received Import Request.
  Time since last request: 0.000024 seconds.
  path: Assets/Art/Inventory UI Art/3 Icons/Icons yellow/Icon_40.png
  artifactKey: Guid(908291a8321d9c74d859b01b9a9c95b0) Importer(815301076,1909f56bfc062723c751e8b465ee728b)
Start importing Assets/Art/Inventory UI Art/3 Icons/Icons yellow/Icon_40.png using Guid(908291a8321d9c74d859b01b9a9c95b0) Importer(815301076,1909f56bfc062723c751e8b465ee728b) (PreviewImporter) -> (artifact id: '7e4d3dbce753465ceee16b4916aca5c6') in 0.0215215 seconds
Number of updated asset objects reloaded before import = 0Number of asset objects unloaded after import = 3

========================================================================
Received Import Request.
  Time since last request: 0.000021 seconds.
  path: Assets/Art/Inventory UI Art/3 Icons/Icons yellow/Icon_25.png
  artifactKey: Guid(dba03a4570ea4b340b853cdd11d5ee3b) Importer(815301076,1909f56bfc062723c751e8b465ee728b)
Start importing Assets/Art/Inventory UI Art/3 Icons/Icons yellow/Icon_25.png using Guid(dba03a4570ea4b340b853cdd11d5ee3b) Importer(815301076,1909f56bfc062723c751e8b465ee728b) (PreviewImporter) -> (artifact id: '95a08dcf98fe0fe5561f74be0ff5569d') in 0.0252604 seconds
Number of updated asset objects reloaded before import = 0Number of asset objects unloaded after import = 3

========================================================================
Received Import Request.
  Time since last request: 0.000052 seconds.
  path: Assets/Art/Inventory UI Art/3 Icons/Icons yellow/Icon_19.png
  artifactKey: Guid(e01a3b4536970434c8dec41a2fd2e581) Importer(815301076,1909f56bfc062723c751e8b465ee728b)
Start importing Assets/Art/Inventory UI Art/3 Icons/Icons yellow/Icon_19.png using Guid(e01a3b4536970434c8dec41a2fd2e581) Importer(815301076,1909f56bfc062723c751e8b465ee728b) (PreviewImporter) -> (artifact id: '784a304cb00fa1c83881d28851eae306') in 0.0251454 seconds
Number of updated asset objects reloaded before import = 0Number of asset objects unloaded after import = 3

========================================================================
Received Import Request.
  Time since last request: 0.000040 seconds.
  path: Assets/Art/Inventory UI Art/3 Icons/Icons yellow/Icon_06.png
  artifactKey: Guid(17e6e7176ac777f458fed68fa1e1b72d) Importer(815301076,1909f56bfc062723c751e8b465ee728b)
Start importing Assets/Art/Inventory UI Art/3 Icons/Icons yellow/Icon_06.png using Guid(17e6e7176ac777f458fed68fa1e1b72d) Importer(815301076,1909f56bfc062723c751e8b465ee728b) (PreviewImporter) -> (artifact id: '5618e6ebba4c5cb92a6fb34d4df685e9') in 0.0256773 seconds
Number of updated asset objects reloaded before import = 0Number of asset objects unloaded after import = 3

========================================================================
Received Import Request.
  Time since last request: 10.126115 seconds.
  path: Assets/Art/Inventory UI Art/1 Frames/Back2.png
  artifactKey: Guid(61574c7631377bb43a9ece7665b72aef) Importer(815301076,1909f56bfc062723c751e8b465ee728b)
Start importing Assets/Art/Inventory UI Art/1 Frames/Back2.png using Guid(61574c7631377bb43a9ece7665b72aef) Importer(815301076,1909f56bfc062723c751e8b465ee728b) (PreviewImporter) -> (artifact id: '4a91e1ec29048258235baff8a97326ce') in 0.0216777 seconds
Number of updated asset objects reloaded before import = 0Number of asset objects unloaded after import = 3

========================================================================
Received Import Request.
  Time since last request: 0.000030 seconds.
  path: Assets/Art/Inventory UI Art/1 Frames/Frame1.png
  artifactKey: Guid(0c92c172d7d582043ba402bad60309b0) Importer(815301076,1909f56bfc062723c751e8b465ee728b)
Start importing Assets/Art/Inventory UI Art/1 Frames/Frame1.png using Guid(0c92c172d7d582043ba402bad60309b0) Importer(815301076,1909f56bfc062723c751e8b465ee728b) (PreviewImporter) -> (artifact id: 'a7e6f8a2d87dd29a3d47724521d110df') in 0.0228718 seconds
Number of updated asset objects reloaded before import = 0Number of asset objects unloaded after import = 3

========================================================================
Received Import Request.
  Time since last request: 10.754870 seconds.
  path: Assets/Art/Inventory UI Art/1 Frames/Frame_tiles/Frame_Tile_02.png
  artifactKey: Guid(6e4cfd63758f0804d9ca9dbc1132f0bb) Importer(815301076,1909f56bfc062723c751e8b465ee728b)
Start importing Assets/Art/Inventory UI Art/1 Frames/Frame_tiles/Frame_Tile_02.png using Guid(6e4cfd63758f0804d9ca9dbc1132f0bb) Importer(815301076,1909f56bfc062723c751e8b465ee728b) (PreviewImporter) -> (artifact id: '19b8b01fa9c7d57972acd583000aa8a3') in 0.0217715 seconds
Number of updated asset objects reloaded before import = 0Number of asset objects unloaded after import = 3

========================================================================
Received Import Request.
  Time since last request: 0.000018 seconds.
  path: Assets/Art/Inventory UI Art/1 Frames/Frame_tiles/Frame_Tile_05.png
  artifactKey: Guid(17c86f0fc0bea474e8cbf0a2c1de4e49) Importer(815301076,1909f56bfc062723c751e8b465ee728b)
Start importing Assets/Art/Inventory UI Art/1 Frames/Frame_tiles/Frame_Tile_05.png using Guid(17c86f0fc0bea474e8cbf0a2c1de4e49) Importer(815301076,1909f56bfc062723c751e8b465ee728b) (PreviewImporter) -> (artifact id: 'a10bc65f58ad982d1ef18f2103219425') in 0.0191816 seconds
Number of updated asset objects reloaded before import = 0Number of asset objects unloaded after import = 3

========================================================================
Received Import Request.
  Time since last request: 0.000019 seconds.
  path: Assets/Art/Inventory UI Art/1 Frames/Frame_tiles/Frame_Tile_13.png
  artifactKey: Guid(d0b6eff9f2957d249b8e1eed924af64e) Importer(815301076,1909f56bfc062723c751e8b465ee728b)
Start importing Assets/Art/Inventory UI Art/1 Frames/Frame_tiles/Frame_Tile_13.png using Guid(d0b6eff9f2957d249b8e1eed924af64e) Importer(815301076,1909f56bfc062723c751e8b465ee728b) (PreviewImporter) -> (artifact id: 'ac83a16a50fed6a4b9121105d8a535b7') in 0.0206215 seconds
Number of updated asset objects reloaded before import = 0Number of asset objects unloaded after import = 3

========================================================================
Received Import Request.
  Time since last request: 0.000025 seconds.
  path: Assets/Art/Inventory UI Art/1 Frames/Frame_tiles/Frame_Tile_18.png
  artifactKey: Guid(3bcb12f4a43690340a51425ad73a066e) Importer(815301076,1909f56bfc062723c751e8b465ee728b)
Start importing Assets/Art/Inventory UI Art/1 Frames/Frame_tiles/Frame_Tile_18.png using Guid(3bcb12f4a43690340a51425ad73a066e) Importer(815301076,1909f56bfc062723c751e8b465ee728b) (PreviewImporter) -> (artifact id: '2a9a7ff27e41b327fb61a39732ea310b') in 0.0204423 seconds
Number of updated asset objects reloaded before import = 0Number of asset objects unloaded after import = 3

========================================================================
Received Import Request.
  Time since last request: 0.000017 seconds.
  path: Assets/Art/Inventory UI Art/1 Frames/Frame_tiles/Frame_Tile_35.png
  artifactKey: Guid(fa5413939f437e74991ed542f61802c1) Importer(815301076,1909f56bfc062723c751e8b465ee728b)
Start importing Assets/Art/Inventory UI Art/1 Frames/Frame_tiles/Frame_Tile_35.png using Guid(fa5413939f437e74991ed542f61802c1) Importer(815301076,1909f56bfc062723c751e8b465ee728b) (PreviewImporter) -> (artifact id: '91fa0474cb1199d0601cd72fccce2140') in 0.0213179 seconds
Number of updated asset objects reloaded before import = 0Number of asset objects unloaded after import = 3

========================================================================
Received Import Request.
  Time since last request: 0.000020 seconds.
  path: Assets/Art/Inventory UI Art/1 Frames/Frame_tiles/Frame_Tile_36.png
  artifactKey: Guid(b007c6ac9308e0345a0e07c5c4fd0704) Importer(815301076,1909f56bfc062723c751e8b465ee728b)
Start importing Assets/Art/Inventory UI Art/1 Frames/Frame_tiles/Frame_Tile_36.png using Guid(b007c6ac9308e0345a0e07c5c4fd0704) Importer(815301076,1909f56bfc062723c751e8b465ee728b) (PreviewImporter) -> (artifact id: '59dfab6eaa0a73a5f55811fe4b3e007f') in 0.0228885 seconds
Number of updated asset objects reloaded before import = 0Number of asset objects unloaded after import = 3

========================================================================
Received Import Request.
  Time since last request: 0.000079 seconds.
  path: Assets/Art/Inventory UI Art/1 Frames/Frame_tiles/Frame_Tile_27.png
  artifactKey: Guid(dbc2cd1732d2a5d4da42dbcfa29ab4b6) Importer(815301076,1909f56bfc062723c751e8b465ee728b)
Start importing Assets/Art/Inventory UI Art/1 Frames/Frame_tiles/Frame_Tile_27.png using Guid(dbc2cd1732d2a5d4da42dbcfa29ab4b6) Importer(815301076,1909f56bfc062723c751e8b465ee728b) (PreviewImporter) -> (artifact id: '8033fe834d8dbaf2a9cf737289cebc99') in 0.0205507 seconds
Number of updated asset objects reloaded before import = 0Number of asset objects unloaded after import = 3

========================================================================
Received Import Request.
  Time since last request: 0.000031 seconds.
  path: Assets/Art/Inventory UI Art/1 Frames/Frame_tiles/Frame_Tile_39.png
  artifactKey: Guid(8003e40d0b75255428d6e096f257b7e3) Importer(815301076,1909f56bfc062723c751e8b465ee728b)
Start importing Assets/Art/Inventory UI Art/1 Frames/Frame_tiles/Frame_Tile_39.png using Guid(8003e40d0b75255428d6e096f257b7e3) Importer(815301076,1909f56bfc062723c751e8b465ee728b) (PreviewImporter) -> (artifact id: '38e396714da6f1c5344778cf8df28a2d') in 0.0190508 seconds
Number of updated asset objects reloaded before import = 0Number of asset objects unloaded after import = 3

========================================================================
Received Import Request.
  Time since last request: 0.000022 seconds.
  path: Assets/Art/Inventory UI Art/1 Frames/Frame_tiles/Frame_Tile_25.png
  artifactKey: Guid(1a29a14573b584f41b1a6b047c5c8f59) Importer(815301076,1909f56bfc062723c751e8b465ee728b)
Start importing Assets/Art/Inventory UI Art/1 Frames/Frame_tiles/Frame_Tile_25.png using Guid(1a29a14573b584f41b1a6b047c5c8f59) Importer(815301076,1909f56bfc062723c751e8b465ee728b) (PreviewImporter) -> (artifact id: '8ef74d3dfd7b6bb73280358923456826') in 0.0209078 seconds
Number of updated asset objects reloaded before import = 0Number of asset objects unloaded after import = 3

========================================================================
Received Import Request.
  Time since last request: 0.000017 seconds.
  path: Assets/Art/Inventory UI Art/1 Frames/Frame_tiles/Frame_Tile_45.png
  artifactKey: Guid(41491cb5ddbe6494598c0e509642fc9f) Importer(815301076,1909f56bfc062723c751e8b465ee728b)
Start importing Assets/Art/Inventory UI Art/1 Frames/Frame_tiles/Frame_Tile_45.png using Guid(41491cb5ddbe6494598c0e509642fc9f) Importer(815301076,1909f56bfc062723c751e8b465ee728b) (PreviewImporter) -> (artifact id: '85971cf327bd11bf463230c23b6b28f8') in 0.0206564 seconds
Number of updated asset objects reloaded before import = 0Number of asset objects unloaded after import = 3

========================================================================
Received Import Request.
  Time since last request: 0.000018 seconds.
  path: Assets/Art/Inventory UI Art/1 Frames/Frame_tiles/Frame_Tile_16.png
  artifactKey: Guid(03321ffc66bd6644091ca862ed1fdf52) Importer(815301076,1909f56bfc062723c751e8b465ee728b)
Start importing Assets/Art/Inventory UI Art/1 Frames/Frame_tiles/Frame_Tile_16.png using Guid(03321ffc66bd6644091ca862ed1fdf52) Importer(815301076,1909f56bfc062723c751e8b465ee728b) (PreviewImporter) -> (artifact id: 'fa0b85b44644b0dc1ea705e75ffe927f') in 0.0209647 seconds
Number of updated asset objects reloaded before import = 0Number of asset objects unloaded after import = 3

========================================================================
Received Import Request.
  Time since last request: 0.000040 seconds.
  path: Assets/Art/Inventory UI Art/1 Frames/Frame_tiles/Frame_Tile_29.png
  artifactKey: Guid(c4eb027d70f630843a49ce431fab410a) Importer(815301076,1909f56bfc062723c751e8b465ee728b)
Start importing Assets/Art/Inventory UI Art/1 Frames/Frame_tiles/Frame_Tile_29.png using Guid(c4eb027d70f630843a49ce431fab410a) Importer(815301076,1909f56bfc062723c751e8b465ee728b) (PreviewImporter) -> (artifact id: 'f65fee5a4a49e4a23fd6ffe917ae65e2') in 0.022458 seconds
Number of updated asset objects reloaded before import = 0Number of asset objects unloaded after import = 3

========================================================================
Received Import Request.
  Time since last request: 7.887807 seconds.
  path: Assets/Settings/Renderer2D.asset
  artifactKey: Guid(424799608f7334c24bf367e4bbfa7f9a) Importer(815301076,1909f56bfc062723c751e8b465ee728b)
Start importing Assets/Settings/Renderer2D.asset using Guid(424799608f7334c24bf367e4bbfa7f9a) Importer(815301076,1909f56bfc062723c751e8b465ee728b) (PreviewImporter) -> (artifact id: '4f133c080beaa387166695725f96a81c') in 0.0015052 seconds
Number of updated asset objects reloaded before import = 0Number of asset objects unloaded after import = 0

Editor requested this worker to shutdown with reason: Scaling down because of idle timeout
AssetImportWorker is now disconnected from the server
Process exiting
Exiting without the bug reporter. Application will terminate with return code 0